{"meta": {"format": 3, "version": "7.10.7", "timestamp": "2025-10-18T09:30:11.863743", "branch_coverage": true, "show_contexts": false}, "files": {"src\\deia\\__init__.py": {"executed_lines": [1, 8, 9, 10, 12, 14], "summary": {"covered_lines": 5, "num_statements": 5, "percent_covered": 100.0, "percent_covered_display": "100", "missing_lines": 0, "excluded_lines": 0, "num_branches": 0, "num_partial_branches": 0, "covered_branches": 0, "missing_branches": 0}, "missing_lines": [], "excluded_lines": [], "executed_branches": [], "missing_branches": [], "functions": {"": {"executed_lines": [1, 8, 9, 10, 12, 14], "summary": {"covered_lines": 5, "num_statements": 5, "percent_covered": 100.0, "percent_covered_display": "100", "missing_lines": 0, "excluded_lines": 0, "num_branches": 0, "num_partial_branches": 0, "covered_branches": 0, "missing_branches": 0}, "missing_lines": [], "excluded_lines": [], "executed_branches": [], "missing_branches": []}}, "classes": {"": {"executed_lines": [1, 8, 9, 10, 12, 14], "summary": {"covered_lines": 5, "num_statements": 5, "percent_covered": 100.0, "percent_covered_display": "100", "missing_lines": 0, "excluded_lines": 0, "num_branches": 0, "num_partial_branches": 0, "covered_branches": 0, "missing_branches": 0}, "missing_lines": [], "excluded_lines": [], "executed_branches": [], "missing_branches": []}}}, "src\\deia\\bok.py": {"executed_lines": [1, 5, 6, 7, 10, 60, 78], "summary": {"covered_lines": 6, "num_statements": 53, "percent_covered": 7.792207792207792, "percent_covered_display": "8", "missing_lines": 47, "excluded_lines": 0, "num_branches": 24, "num_partial_branches": 0, "covered_branches": 0, "missing_branches": 24}, "missing_lines": [24, 26, 27, 28, 29, 31, 33, 34, 36, 37, 40, 41, 44, 46, 47, 50, 51, 52, 53, 55, 57, 71, 81, 84, 85, 86, 87, 88, 89, 90, 91, 94, 96, 104, 105, 106, 107, 110, 111, 112, 113, 114, 115, 116, 117, 119, 121], "excluded_lines": [], "executed_branches": [], "missing_branches": [[33, 34], [33, 36], [40, 41], [40, 57], [44, 40], [44, 46], [50, 51], [50, 52], [52, 53], [52, 55], [84, 85], [84, 94], [86, 87], [86, 94], [104, 105], [104, 110], [105, 104], [105, 106], [112, 113], [112, 119], [113, 114], [113, 116], [116, 112], [116, 117]], "functions": {"search_bok": {"executed_lines": [], "summary": {"covered_lines": 0, "num_statements": 21, "percent_covered": 0.0, "percent_covered_display": "0", "missing_lines": 21, "excluded_lines": 0, "num_branches": 10, "num_partial_branches": 0, "covered_branches": 0, "missing_branches": 10}, "missing_lines": [24, 26, 27, 28, 29, 31, 33, 34, 36, 37, 40, 41, 44, 46, 47, 50, 51, 52, 53, 55, 57], "excluded_lines": [], "executed_branches": [], "missing_branches": [[33, 34], [33, 36], [40, 41], [40, 57], [44, 40], [44, 46], [50, 51], [50, 52], [52, 53], [52, 55]]}, "sync_bok": {"executed_lines": [], "summary": {"covered_lines": 0, "num_statements": 1, "percent_covered": 0.0, "percent_covered_display": "0", "missing_lines": 1, "excluded_lines": 0, "num_branches": 0, "num_partial_branches": 0, "covered_branches": 0, "missing_branches": 0}, "missing_lines": [71], "excluded_lines": [], "executed_branches": [], "missing_branches": []}, "_parse_bok_entry": {"executed_lines": [], "summary": {"covered_lines": 0, "num_statements": 25, "percent_covered": 0.0, "percent_covered_display": "0", "missing_lines": 25, "excluded_lines": 0, "num_branches": 14, "num_partial_branches": 0, "covered_branches": 0, "missing_branches": 14}, "missing_lines": [81, 84, 85, 86, 87, 88, 89, 90, 91, 94, 96, 104, 105, 106, 107, 110, 111, 112, 113, 114, 115, 116, 117, 119, 121], "excluded_lines": [], "executed_branches": [], "missing_branches": [[84, 85], [84, 94], [86, 87], [86, 94], [104, 105], [104, 110], [105, 104], [105, 106], [112, 113], [112, 119], [113, 114], [113, 116], [116, 112], [116, 117]]}, "": {"executed_lines": [1, 5, 6, 7, 10, 60, 78], "summary": {"covered_lines": 6, "num_statements": 6, "percent_covered": 100.0, "percent_covered_display": "100", "missing_lines": 0, "excluded_lines": 0, "num_branches": 0, "num_partial_branches": 0, "covered_branches": 0, "missing_branches": 0}, "missing_lines": [], "excluded_lines": [], "executed_branches": [], "missing_branches": []}}, "classes": {"": {"executed_lines": [1, 5, 6, 7, 10, 60, 78], "summary": {"covered_lines": 6, "num_statements": 53, "percent_covered": 7.792207792207792, "percent_covered_display": "8", "missing_lines": 47, "excluded_lines": 0, "num_branches": 24, "num_partial_branches": 0, "covered_branches": 0, "missing_branches": 24}, "missing_lines": [24, 26, 27, 28, 29, 31, 33, 34, 36, 37, 40, 41, 44, 46, 47, 50, 51, 52, 53, 55, 57, 71, 81, 84, 85, 86, 87, 88, 89, 90, 91, 94, 96, 104, 105, 106, 107, 110, 111, 112, 113, 114, 115, 116, 117, 119, 121], "excluded_lines": [], "executed_branches": [], "missing_branches": [[33, 34], [33, 36], [40, 41], [40, 57], [44, 40], [44, 46], [50, 51], [50, 52], [52, 53], [52, 55], [84, 85], [84, 94], [86, 87], [86, 94], [104, 105], [104, 110], [105, 104], [105, 106], [112, 113], [112, 119], [113, 114], [113, 116], [116, 112], [116, 117]]}}}, "src\\deia\\bot_queue.py": {"executed_lines": [2, 22, 23, 24, 25, 28, 29, 33, 40, 43, 44, 46, 48, 50, 51, 52, 53, 58, 64, 66, 67, 69, 83, 86, 87, 90, 101, 103, 110, 111, 113, 114, 116, 118, 140, 141, 142, 143, 144, 146, 147, 150, 151, 154, 155, 156, 157, 160, 161, 162, 165, 166, 167, 168, 169, 171, 174, 176, 178, 186, 187, 188, 189, 191, 199, 200, 201, 202, 204, 212, 213, 214, 215, 216, 217, 219, 226, 227, 228, 229, 230, 232, 242, 244, 251, 252, 253, 254, 255, 256, 259, 368], "summary": {"covered_lines": 90, "num_statements": 165, "percent_covered": 51.93133047210301, "percent_covered_display": "52", "missing_lines": 75, "excluded_lines": 0, "num_branches": 68, "num_partial_branches": 11, "covered_branches": 31, "missing_branches": 37}, "missing_lines": [41, 54, 55, 261, 263, 264, 267, 268, 269, 270, 273, 274, 277, 278, 279, 282, 283, 284, 287, 288, 291, 292, 293, 296, 297, 298, 301, 304, 305, 307, 308, 310, 311, 312, 313, 315, 316, 317, 319, 320, 321, 322, 323, 324, 326, 328, 329, 330, 332, 333, 334, 336, 337, 338, 340, 341, 342, 344, 345, 346, 347, 348, 349, 350, 351, 352, 353, 355, 357, 358, 359, 360, 362, 365, 369], "excluded_lines": [], "executed_branches": [[40, 43], [50, 51], [50, 58], [86, 87], [110, 111], [113, 114], [141, 142], [141, 146], [143, 141], [143, 144], [146, 147], [146, 150], [150, 151], [150, 154], [155, 156], [155, 174], [160, 161], [165, 166], [165, 171], [167, 168], [167, 171], [168, 167], [168, 169], [186, 187], [199, 200], [212, 213], [226, 227], [252, 253], [252, 256], [254, 255], [368, -1]], "missing_branches": [[40, 41], [86, 90], [110, 113], [113, 116], [160, 165], [186, -178], [199, -191], [212, -204], [226, -219], [254, 252], [310, 311], [310, 315], [315, 316], [315, 319], [319, 320], [319, 328], [321, 322], [321, 326], [328, 329], [328, 332], [332, 333], [332, 336], [336, 337], [336, 340], [340, 341], [340, 344], [344, 345], [344, 357], [346, 347], [346, 355], [348, -259], [348, 349], [357, 358], [357, 365], [359, 360], [359, 362], [368, 369]], "functions": {"BotQueue.__init__": {"executed_lines": [40, 43, 44, 46], "summary": {"covered_lines": 4, "num_statements": 5, "percent_covered": 71.42857142857143, "percent_covered_display": "71", "missing_lines": 1, "excluded_lines": 0, "num_branches": 2, "num_partial_branches": 1, "covered_branches": 1, "missing_branches": 1}, "missing_lines": [41], "excluded_lines": [], "executed_branches": [[40, 43]], "missing_branches": [[40, 41]]}, "BotQueue._load_queue": {"executed_lines": [50, 51, 52, 53, 58], "summary": {"covered_lines": 5, "num_statements": 7, "percent_covered": 77.77777777777777, "percent_covered_display": "78", "missing_lines": 2, "excluded_lines": 0, "num_branches": 2, "num_partial_branches": 0, "covered_branches": 2, "missing_branches": 0}, "missing_lines": [54, 55], "excluded_lines": [], "executed_branches": [[50, 51], [50, 58]], "missing_branches": []}, "BotQueue._save_queue": {"executed_lines": [66, 67], "summary": {"covered_lines": 2, "num_statements": 2, "percent_covered": 100.0, "percent_covered_display": "100", "missing_lines": 0, "excluded_lines": 0, "num_branches": 0, "num_partial_branches": 0, "covered_branches": 0, "missing_branches": 0}, "missing_lines": [], "excluded_lines": [], "executed_branches": [], "missing_branches": []}, "BotQueue.add_bot": {"executed_lines": [83, 86, 87, 90, 101], "summary": {"covered_lines": 5, "num_statements": 5, "percent_covered": 85.71428571428571, "percent_covered_display": "86", "missing_lines": 0, "excluded_lines": 0, "num_branches": 2, "num_partial_branches": 1, "covered_branches": 1, "missing_branches": 1}, "missing_lines": [], "excluded_lines": [], "executed_branches": [[86, 87]], "missing_branches": [[86, 90]]}, "BotQueue.remove_bot": {"executed_lines": [110, 111, 113, 114, 116], "summary": {"covered_lines": 5, "num_statements": 5, "percent_covered": 77.77777777777777, "percent_covered_display": "78", "missing_lines": 0, "excluded_lines": 0, "num_branches": 4, "num_partial_branches": 2, "covered_branches": 2, "missing_branches": 2}, "missing_lines": [], "excluded_lines": [], "executed_branches": [[110, 111], [113, 114]], "missing_branches": [[110, 113], [113, 116]]}, "BotQueue.get_next_available": {"executed_lines": [140, 141, 142, 143, 144, 146, 147, 150, 151, 154, 155, 156, 157, 160, 161, 162, 165, 166, 167, 168, 169, 171, 174, 176], "summary": {"covered_lines": 24, "num_statements": 24, "percent_covered": 97.61904761904762, "percent_covered_display": "98", "missing_lines": 0, "excluded_lines": 0, "num_branches": 18, "num_partial_branches": 1, "covered_branches": 17, "missing_branches": 1}, "missing_lines": [], "excluded_lines": [], "executed_branches": [[141, 142], [141, 146], [143, 141], [143, 144], [146, 147], [146, 150], [150, 151], [150, 154], [155, 156], [155, 174], [160, 161], [165, 166], [165, 171], [167, 168], [167, 171], [168, 167], [168, 169]], "missing_branches": [[160, 165]]}, "BotQueue.update_context": {"executed_lines": [186, 187, 188, 189], "summary": {"covered_lines": 4, "num_statements": 4, "percent_covered": 83.33333333333333, "percent_covered_display": "83", "missing_lines": 0, "excluded_lines": 0, "num_branches": 2, "num_partial_branches": 1, "covered_branches": 1, "missing_branches": 1}, "missing_lines": [], "excluded_lines": [], "executed_branches": [[186, 187]], "missing_branches": [[186, -178]]}, "BotQueue.assign_idle_prep": {"executed_lines": [199, 200, 201, 202], "summary": {"covered_lines": 4, "num_statements": 4, "percent_covered": 83.33333333333333, "percent_covered_display": "83", "missing_lines": 0, "excluded_lines": 0, "num_branches": 2, "num_partial_branches": 1, "covered_branches": 1, "missing_branches": 1}, "missing_lines": [], "excluded_lines": [], "executed_branches": [[199, 200]], "missing_branches": [[199, -191]]}, "BotQueue.mark_busy": {"executed_lines": [212, 213, 214, 215, 216, 217], "summary": {"covered_lines": 6, "num_statements": 6, "percent_covered": 87.5, "percent_covered_display": "88", "missing_lines": 0, "excluded_lines": 0, "num_branches": 2, "num_partial_branches": 1, "covered_branches": 1, "missing_branches": 1}, "missing_lines": [], "excluded_lines": [], "executed_branches": [[212, 213]], "missing_branches": [[212, -204]]}, "BotQueue.mark_available": {"executed_lines": [226, 227, 228, 229, 230], "summary": {"covered_lines": 5, "num_statements": 5, "percent_covered": 85.71428571428571, "percent_covered_display": "86", "missing_lines": 0, "excluded_lines": 0, "num_branches": 2, "num_partial_branches": 1, "covered_branches": 1, "missing_branches": 1}, "missing_lines": [], "excluded_lines": [], "executed_branches": [[226, 227]], "missing_branches": [[226, -219]]}, "BotQueue.get_bot_profile": {"executed_lines": [242], "summary": {"covered_lines": 1, "num_statements": 1, "percent_covered": 100.0, "percent_covered_display": "100", "missing_lines": 0, "excluded_lines": 0, "num_branches": 0, "num_partial_branches": 0, "covered_branches": 0, "missing_branches": 0}, "missing_lines": [], "excluded_lines": [], "executed_branches": [], "missing_branches": []}, "BotQueue.list_available_bots": {"executed_lines": [251, 252, 253, 254, 255, 256], "summary": {"covered_lines": 6, "num_statements": 6, "percent_covered": 90.0, "percent_covered_display": "90", "missing_lines": 0, "excluded_lines": 0, "num_branches": 4, "num_partial_branches": 1, "covered_branches": 3, "missing_branches": 1}, "missing_lines": [], "excluded_lines": [], "executed_branches": [[252, 253], [252, 256], [254, 255]], "missing_branches": [[254, 252]]}, "main": {"executed_lines": [], "summary": {"covered_lines": 0, "num_statements": 71, "percent_covered": 0.0, "percent_covered_display": "0", "missing_lines": 71, "excluded_lines": 0, "num_branches": 26, "num_partial_branches": 0, "covered_branches": 0, "missing_branches": 26}, "missing_lines": [261, 263, 264, 267, 268, 269, 270, 273, 274, 277, 278, 279, 282, 283, 284, 287, 288, 291, 292, 293, 296, 297, 298, 301, 304, 305, 307, 308, 310, 311, 312, 313, 315, 316, 317, 319, 320, 321, 322, 323, 324, 326, 328, 329, 330, 332, 333, 334, 336, 337, 338, 340, 341, 342, 344, 345, 346, 347, 348, 349, 350, 351, 352, 353, 355, 357, 358, 359, 360, 362, 365], "excluded_lines": [], "executed_branches": [], "missing_branches": [[310, 311], [310, 315], [315, 316], [315, 319], [319, 320], [319, 328], [321, 322], [321, 326], [328, 329], [328, 332], [332, 333], [332, 336], [336, 337], [336, 340], [340, 341], [340, 344], [344, 345], [344, 357], [346, 347], [346, 355], [348, -259], [348, 349], [357, 358], [357, 365], [359, 360], [359, 362]]}, "": {"executed_lines": [2, 22, 23, 24, 25, 28, 29, 33, 48, 64, 69, 103, 118, 178, 191, 204, 219, 232, 244, 259, 368], "summary": {"covered_lines": 19, "num_statements": 20, "percent_covered": 90.9090909090909, "percent_covered_display": "91", "missing_lines": 1, "excluded_lines": 0, "num_branches": 2, "num_partial_branches": 1, "covered_branches": 1, "missing_branches": 1}, "missing_lines": [369], "excluded_lines": [], "executed_branches": [[368, -1]], "missing_branches": [[368, 369]]}}, "classes": {"BotQueue": {"executed_lines": [40, 43, 44, 46, 50, 51, 52, 53, 58, 66, 67, 83, 86, 87, 90, 101, 110, 111, 113, 114, 116, 140, 141, 142, 143, 144, 146, 147, 150, 151, 154, 155, 156, 157, 160, 161, 162, 165, 166, 167, 168, 169, 171, 174, 176, 186, 187, 188, 189, 199, 200, 201, 202, 212, 213, 214, 215, 216, 217, 226, 227, 228, 229, 230, 242, 251, 252, 253, 254, 255, 256], "summary": {"covered_lines": 71, "num_statements": 74, "percent_covered": 88.59649122807018, "percent_covered_display": "89", "missing_lines": 3, "excluded_lines": 0, "num_branches": 40, "num_partial_branches": 10, "covered_branches": 30, "missing_branches": 10}, "missing_lines": [41, 54, 55], "excluded_lines": [], "executed_branches": [[40, 43], [50, 51], [50, 58], [86, 87], [110, 111], [113, 114], [141, 142], [141, 146], [143, 141], [143, 144], [146, 147], [146, 150], [150, 151], [150, 154], [155, 156], [155, 174], [160, 161], [165, 166], [165, 171], [167, 168], [167, 171], [168, 167], [168, 169], [186, 187], [199, 200], [212, 213], [226, 227], [252, 253], [252, 256], [254, 255]], "missing_branches": [[40, 41], [86, 90], [110, 113], [113, 116], [160, 165], [186, -178], [199, -191], [212, -204], [226, -219], [254, 252]]}, "": {"executed_lines": [2, 22, 23, 24, 25, 28, 29, 33, 48, 64, 69, 103, 118, 178, 191, 204, 219, 232, 244, 259, 368], "summary": {"covered_lines": 19, "num_statements": 91, "percent_covered": 16.80672268907563, "percent_covered_display": "17", "missing_lines": 72, "excluded_lines": 0, "num_branches": 28, "num_partial_branches": 1, "covered_branches": 1, "missing_branches": 27}, "missing_lines": [261, 263, 264, 267, 268, 269, 270, 273, 274, 277, 278, 279, 282, 283, 284, 287, 288, 291, 292, 293, 296, 297, 298, 301, 304, 305, 307, 308, 310, 311, 312, 313, 315, 316, 317, 319, 320, 321, 322, 323, 324, 326, 328, 329, 330, 332, 333, 334, 336, 337, 338, 340, 341, 342, 344, 345, 346, 347, 348, 349, 350, 351, 352, 353, 355, 357, 358, 359, 360, 362, 365, 369], "excluded_lines": [], "executed_branches": [[368, -1]], "missing_branches": [[310, 311], [310, 315], [315, 316], [315, 319], [319, 320], [319, 328], [321, 322], [321, 326], [328, 329], [328, 332], [332, 333], [332, 336], [336, 337], [336, 340], [340, 341], [340, 344], [344, 345], [344, 357], [346, 347], [346, 355], [348, -259], [348, 349], [357, 358], [357, 365], [359, 360], [359, 362], [368, 369]]}}}, "src\\deia\\cli.py": {"executed_lines": [1, 5, 6, 7, 8, 9, 10, 11, 13, 14, 15, 16, 17, 18, 19, 21, 24, 25, 26, 35, 36, 37, 39, 61, 62, 63, 65, 69, 114, 115, 120, 121, 126, 127, 128, 129, 130, 136, 137, 138, 151, 152, 158, 159, 165, 166, 170, 171, 173, 177, 196, 197, 198, 199, 262, 263, 264, 265, 348, 349, 350, 352, 355, 387, 388, 389, 412, 413, 414, 415, 451, 452, 457, 458, 459, 460, 461, 487, 488, 506, 507, 512, 513, 514, 529, 530, 531, 532, 736, 737, 742, 743, 744, 788, 789, 790, 818, 819, 820, 846, 847, 848, 849, 850, 858, 859, 860, 868, 869, 870, 871, 879, 880, 900, 901, 920, 921, 969, 970, 971, 972, 973, 1014, 1015, 1020, 1021, 1040, 1041, 1042, 1061, 1062, 1063, 1064, 1093, 1179, 1180, 1185, 1186, 1187, 1188, 1189, 1190, 1191, 1217, 1218, 1219, 1265, 1266, 1267, 1286, 1287, 1288, 1289, 1316, 1317, 1318, 1335, 1336, 1337, 1338, 1339, 1351, 1352, 1353, 1369, 1370, 1396, 1397, 1398, 1399, 1411, 1412, 1413, 1414, 1460, 1461, 1462, 1463, 1516, 1517, 1518, 1519, 1520, 1521, 1522, 1585, 1586, 1591, 1592, 1593, 1595, 1596, 1598, 1600, 1602, 1643, 1649], "summary": {"covered_lines": 196, "num_statements": 973, "percent_covered": 16.055419722901384, "percent_covered_display": "16", "missing_lines": 777, "excluded_lines": 0, "num_branches": 254, "num_partial_branches": 1, "covered_branches": 1, "missing_branches": 253}, "missing_lines": [32, 42, 48, 49, 50, 51, 52, 54, 55, 56, 57, 58, 72, 78, 81, 82, 83, 84, 85, 86, 87, 88, 89, 90, 92, 93, 96, 97, 98, 99, 100, 103, 104, 105, 106, 107, 109, 110, 111, 117, 123, 131, 132, 133, 139, 140, 141, 142, 143, 144, 145, 146, 147, 148, 153, 154, 155, 160, 161, 162, 167, 168, 169, 180, 181, 183, 184, 187, 188, 189, 191, 192, 193, 206, 209, 210, 213, 214, 215, 216, 218, 219, 222, 224, 225, 227, 228, 230, 231, 233, 236, 237, 247, 257, 258, 259, 267, 268, 271, 272, 273, 274, 277, 279, 280, 281, 282, 283, 284, 285, 286, 287, 288, 290, 291, 292, 293, 294, 295, 296, 299, 300, 301, 302, 303, 306, 307, 310, 311, 312, 313, 314, 316, 317, 318, 321, 323, 324, 334, 343, 344, 345, 358, 366, 367, 369, 370, 372, 373, 374, 376, 377, 378, 380, 382, 383, 384, 392, 394, 395, 397, 398, 399, 401, 402, 403, 404, 405, 407, 408, 409, 418, 419, 420, 421, 422, 423, 424, 426, 437, 438, 439, 441, 443, 444, 446, 447, 448, 454, 464, 465, 467, 468, 469, 471, 473, 474, 480, 482, 483, 484, 491, 493, 494, 496, 497, 498, 499, 501, 502, 503, 509, 516, 518, 520, 521, 523, 525, 526, 534, 535, 536, 538, 545, 547, 548, 556, 557, 558, 561, 562, 563, 565, 566, 567, 569, 570, 571, 572, 573, 576, 578, 581, 582, 583, 590, 591, 592, 594, 595, 596, 599, 602, 603, 606, 607, 608, 611, 612, 615, 617, 618, 619, 620, 622, 623, 624, 625, 628, 630, 631, 632, 633, 635, 636, 637, 639, 641, 642, 643, 644, 646, 647, 648, 649, 651, 652, 653, 654, 656, 657, 658, 659, 662, 663, 664, 665, 666, 667, 668, 669, 671, 673, 676, 677, 678, 680, 682, 694, 695, 697, 698, 699, 701, 702, 703, 705, 706, 707, 709, 711, 712, 715, 716, 718, 719, 720, 721, 722, 724, 725, 726, 727, 728, 730, 731, 732, 733, 739, 746, 748, 749, 751, 753, 754, 755, 758, 759, 760, 761, 762, 763, 766, 767, 768, 769, 770, 771, 774, 775, 777, 778, 779, 780, 782, 784, 785, 792, 794, 795, 797, 799, 800, 801, 803, 804, 805, 806, 807, 808, 810, 811, 813, 814, 815, 822, 824, 825, 827, 829, 830, 832, 833, 835, 836, 837, 838, 840, 842, 843, 852, 854, 855, 862, 864, 865, 873, 875, 876, 882, 884, 885, 887, 888, 889, 891, 892, 893, 894, 895, 896, 897, 903, 905, 906, 908, 909, 910, 912, 913, 914, 915, 916, 917, 923, 924, 927, 928, 929, 930, 931, 934, 935, 936, 937, 939, 940, 943, 944, 947, 948, 949, 950, 951, 952, 955, 956, 957, 959, 960, 961, 963, 964, 965, 966, 991, 993, 994, 996, 997, 998, 999, 1000, 1001, 1002, 1004, 1005, 1006, 1007, 1008, 1009, 1010, 1011, 1017, 1023, 1025, 1026, 1027, 1028, 1029, 1031, 1032, 1034, 1035, 1036, 1037, 1044, 1046, 1047, 1048, 1049, 1051, 1052, 1054, 1055, 1057, 1058, 1066, 1068, 1069, 1070, 1071, 1072, 1074, 1075, 1078, 1079, 1082, 1083, 1085, 1087, 1088, 1090, 1103, 1105, 1108, 1111, 1112, 1113, 1114, 1115, 1116, 1118, 1121, 1122, 1128, 1129, 1130, 1133, 1134, 1141, 1142, 1143, 1144, 1145, 1146, 1149, 1150, 1156, 1157, 1158, 1161, 1162, 1163, 1164, 1165, 1166, 1167, 1169, 1182, 1193, 1195, 1196, 1198, 1199, 1207, 1208, 1209, 1210, 1212, 1213, 1214, 1221, 1223, 1225, 1226, 1228, 1229, 1230, 1232, 1233, 1234, 1235, 1237, 1239, 1240, 1241, 1244, 1246, 1247, 1248, 1250, 1251, 1252, 1254, 1255, 1257, 1259, 1260, 1262, 1269, 1271, 1272, 1273, 1275, 1277, 1278, 1279, 1280, 1281, 1282, 1283, 1291, 1292, 1293, 1295, 1297, 1298, 1299, 1300, 1302, 1303, 1304, 1305, 1307, 1308, 1310, 1311, 1312, 1313, 1320, 1321, 1323, 1324, 1326, 1327, 1329, 1330, 1331, 1332, 1341, 1342, 1344, 1345, 1346, 1347, 1348, 1355, 1356, 1358, 1359, 1360, 1361, 1362, 1363, 1364, 1365, 1366, 1372, 1373, 1374, 1375, 1377, 1379, 1380, 1381, 1382, 1383, 1384, 1385, 1387, 1388, 1389, 1390, 1391, 1393, 1401, 1402, 1404, 1405, 1406, 1407, 1408, 1425, 1427, 1433, 1434, 1435, 1437, 1438, 1449, 1450, 1452, 1453, 1454, 1455, 1456, 1457, 1474, 1476, 1482, 1483, 1484, 1486, 1487, 1489, 1491, 1501, 1502, 1503, 1505, 1506, 1508, 1509, 1510, 1511, 1512, 1513, 1534, 1537, 1539, 1540, 1541, 1542, 1543, 1544, 1546, 1547, 1549, 1551, 1553, 1554, 1555, 1556, 1557, 1559, 1561, 1562, 1564, 1566, 1568, 1569, 1570, 1571, 1573, 1574, 1577, 1578, 1580, 1581, 1582, 1588, 1615, 1618, 1619, 1621, 1622, 1623, 1624, 1625, 1626, 1627, 1628, 1629, 1631, 1632, 1633, 1634, 1635, 1636, 1637, 1638, 1639, 1640, 1645, 1646, 1650], "excluded_lines": [], "executed_branches": [[1649, -1]], "missing_branches": [[50, 51], [50, 54], [82, 83], [82, 96], [85, 86], [85, 92], [96, 97], [96, 103], [98, 99], [98, 103], [105, -61], [105, 106], [141, 142], [141, 144], [187, -170], [187, 188], [209, 210], [209, 213], [214, 215], [214, 218], [271, 272], [271, 277], [279, 280], [279, 290], [282, 283], [282, 306], [290, 291], [290, 299], [316, 317], [316, 321], [376, 377], [376, 380], [397, 398], [397, 401], [402, 403], [402, 404], [418, 419], [418, 426], [421, 422], [421, 426], [437, 438], [437, 441], [467, 468], [467, 471], [473, -457], [473, 474], [520, 521], [520, 523], [525, -512], [525, 526], [556, 557], [556, 569], [590, 591], [590, 594], [602, 603], [602, 606], [607, 608], [607, 611], [611, 612], [611, 615], [618, 619], [618, 622], [623, 624], [623, 628], [635, 636], [635, 639], [641, 642], [641, 646], [643, 644], [643, 646], [646, 647], [646, 651], [648, 649], [648, 651], [651, 652], [651, 656], [653, 654], [653, 656], [656, 657], [656, 662], [658, 659], [658, 662], [662, 663], [662, 664], [664, 665], [664, 666], [666, 667], [666, 668], [668, 669], [668, 671], [676, 677], [676, 715], [694, 695], [694, 697], [698, 699], [698, 701], [702, 703], [702, 705], [706, 707], [706, 709], [715, 716], [715, 730], [718, 719], [718, 730], [719, 720], [719, 724], [720, 721], [720, 724], [724, 718], [724, 725], [725, 718], [725, 726], [726, 727], [726, 728], [753, 754], [753, 758], [759, 760], [759, 766], [761, 762], [761, 763], [767, 768], [767, 774], [769, 770], [769, 771], [777, 778], [777, 779], [779, 780], [779, 782], [799, 800], [799, 803], [804, 805], [804, 810], [806, 807], [806, 808], [835, 836], [835, 837], [837, 838], [837, 840], [887, 888], [887, 891], [892, -879], [892, 893], [908, 909], [908, 912], [913, -900], [913, 914], [915, 916], [915, 917], [928, 929], [928, 934], [935, 936], [935, 939], [948, 949], [948, 955], [950, 951], [950, 955], [996, 997], [996, 1000], [1000, 1001], [1000, 1004], [1026, 1027], [1026, 1031], [1035, 1036], [1035, 1037], [1047, 1048], [1047, 1051], [1054, 1055], [1054, 1057], [1069, 1070], [1069, 1074], [1078, 1079], [1078, 1082], [1082, 1083], [1082, 1085], [1112, 1113], [1112, 1118], [1113, 1112], [1113, 1114], [1115, 1112], [1115, 1116], [1128, 1129], [1128, 1133], [1141, 1142], [1141, 1149], [1143, 1141], [1143, 1144], [1145, 1143], [1145, 1146], [1156, 1157], [1156, 1161], [1163, 1164], [1163, 1169], [1164, 1163], [1164, 1165], [1165, 1163], [1165, 1166], [1223, 1225], [1223, 1244], [1232, 1233], [1232, 1237], [1234, -1217], [1234, 1235], [1246, 1247], [1246, 1262], [1247, 1248], [1247, 1250], [1254, 1255], [1254, 1257], [1297, 1298], [1297, 1307], [1299, 1300], [1299, 1302], [1304, -1286], [1304, 1305], [1307, 1308], [1307, 1310], [1326, 1327], [1326, 1329], [1329, -1316], [1329, 1330], [1389, 1390], [1389, 1393], [1437, 1438], [1437, 1449], [1486, 1487], [1486, 1505], [1501, -1460], [1501, 1502], [1539, 1540], [1539, 1546], [1549, 1551], [1549, 1564], [1553, 1554], [1553, 1561], [1555, -1516], [1555, 1556], [1556, 1557], [1556, 1559], [1564, 1566], [1564, 1577], [1568, 1569], [1568, 1573], [1570, -1516], [1570, 1571], [1621, 1622], [1621, 1623], [1623, 1624], [1623, 1625], [1625, 1626], [1625, 1627], [1627, 1628], [1627, 1629], [1649, 1650]], "functions": {"main": {"executed_lines": [], "summary": {"covered_lines": 0, "num_statements": 1, "percent_covered": 0.0, "percent_covered_display": "0", "missing_lines": 1, "excluded_lines": 0, "num_branches": 0, "num_partial_branches": 0, "covered_branches": 0, "missing_branches": 0}, "missing_lines": [32], "excluded_lines": [], "executed_branches": [], "missing_branches": []}, "install": {"executed_lines": [], "summary": {"covered_lines": 0, "num_statements": 11, "percent_covered": 0.0, "percent_covered_display": "0", "missing_lines": 11, "excluded_lines": 0, "num_branches": 2, "num_partial_branches": 0, "covered_branches": 0, "missing_branches": 2}, "missing_lines": [42, 48, 49, 50, 51, 52, 54, 55, 56, 57, 58], "excluded_lines": [], "executed_branches": [], "missing_branches": [[50, 51], [50, 54]]}, "init": {"executed_lines": [], "summary": {"covered_lines": 0, "num_statements": 27, "percent_covered": 0.0, "percent_covered_display": "0", "missing_lines": 27, "excluded_lines": 0, "num_branches": 10, "num_partial_branches": 0, "covered_branches": 0, "missing_branches": 10}, "missing_lines": [72, 78, 81, 82, 83, 84, 85, 86, 87, 88, 89, 90, 92, 93, 96, 97, 98, 99, 100, 103, 104, 105, 106, 107, 109, 110, 111], "excluded_lines": [], "executed_branches": [], "missing_branches": [[82, 83], [82, 96], [85, 86], [85, 92], [96, 97], [96, 103], [98, 99], [98, 103], [105, -61], [105, 106]]}, "session": {"executed_lines": [], "summary": {"covered_lines": 0, "num_statements": 1, "percent_covered": 0.0, "percent_covered_display": "0", "missing_lines": 1, "excluded_lines": 0, "num_branches": 0, "num_partial_branches": 0, "covered_branches": 0, "missing_branches": 0}, "missing_lines": [117], "excluded_lines": [], "executed_branches": [], "missing_branches": []}, "minutes": {"executed_lines": [], "summary": {"covered_lines": 0, "num_statements": 1, "percent_covered": 0.0, "percent_covered_display": "0", "missing_lines": 1, "excluded_lines": 0, "num_branches": 0, "num_partial_branches": 0, "covered_branches": 0, "missing_branches": 0}, "missing_lines": [123], "excluded_lines": [], "executed_branches": [], "missing_branches": []}, "minutes_start": {"executed_lines": [], "summary": {"covered_lines": 0, "num_statements": 3, "percent_covered": 0.0, "percent_covered_display": "0", "missing_lines": 3, "excluded_lines": 0, "num_branches": 0, "num_partial_branches": 0, "covered_branches": 0, "missing_branches": 0}, "missing_lines": [131, 132, 133], "excluded_lines": [], "executed_branches": [], "missing_branches": []}, "minutes_write": {"executed_lines": [], "summary": {"covered_lines": 0, "num_statements": 10, "percent_covered": 0.0, "percent_covered_display": "0", "missing_lines": 10, "excluded_lines": 0, "num_branches": 2, "num_partial_branches": 0, "covered_branches": 0, "missing_branches": 2}, "missing_lines": [139, 140, 141, 142, 143, 144, 145, 146, 147, 148], "excluded_lines": [], "executed_branches": [], "missing_branches": [[141, 142], [141, 144]]}, "minutes_tick": {"executed_lines": [], "summary": {"covered_lines": 0, "num_statements": 3, "percent_covered": 0.0, "percent_covered_display": "0", "missing_lines": 3, "excluded_lines": 0, "num_branches": 0, "num_partial_branches": 0, "covered_branches": 0, "missing_branches": 0}, "missing_lines": [153, 154, 155], "excluded_lines": [], "executed_branches": [], "missing_branches": []}, "minutes_stop": {"executed_lines": [], "summary": {"covered_lines": 0, "num_statements": 3, "percent_covered": 0.0, "percent_covered_display": "0", "missing_lines": 3, "excluded_lines": 0, "num_branches": 0, "num_partial_branches": 0, "covered_branches": 0, "missing_branches": 0}, "missing_lines": [160, 161, 162], "excluded_lines": [], "executed_branches": [], "missing_branches": []}, "minutes_report": {"executed_lines": [], "summary": {"covered_lines": 0, "num_statements": 3, "percent_covered": 0.0, "percent_covered_display": "0", "missing_lines": 3, "excluded_lines": 0, "num_branches": 0, "num_partial_branches": 0, "covered_branches": 0, "missing_branches": 0}, "missing_lines": [167, 168, 169], "excluded_lines": [], "executed_branches": [], "missing_branches": []}, "log_create": {"executed_lines": [], "summary": {"covered_lines": 0, "num_statements": 10, "percent_covered": 0.0, "percent_covered_display": "0", "missing_lines": 10, "excluded_lines": 0, "num_branches": 2, "num_partial_branches": 0, "covered_branches": 0, "missing_branches": 2}, "missing_lines": [180, 181, 183, 184, 187, 188, 189, 191, 192, 193], "excluded_lines": [], "executed_branches": [], "missing_branches": [[187, -170], [187, 188]]}, "log_conversation": {"executed_lines": [], "summary": {"covered_lines": 0, "num_statements": 23, "percent_covered": 0.0, "percent_covered_display": "0", "missing_lines": 23, "excluded_lines": 0, "num_branches": 4, "num_partial_branches": 0, "covered_branches": 0, "missing_branches": 4}, "missing_lines": [206, 209, 210, 213, 214, 215, 216, 218, 219, 222, 224, 225, 227, 228, 230, 231, 233, 236, 237, 247, 257, 258, 259], "excluded_lines": [], "executed_branches": [], "missing_branches": [[209, 210], [209, 213], [214, 215], [214, 218]]}, "log": {"executed_lines": [], "summary": {"covered_lines": 0, "num_statements": 46, "percent_covered": 0.0, "percent_covered_display": "0", "missing_lines": 46, "excluded_lines": 0, "num_branches": 10, "num_partial_branches": 0, "covered_branches": 0, "missing_branches": 10}, "missing_lines": [267, 268, 271, 272, 273, 274, 277, 279, 280, 281, 282, 283, 284, 285, 286, 287, 288, 290, 291, 292, 293, 294, 295, 296, 299, 300, 301, 302, 303, 306, 307, 310, 311, 312, 313, 314, 316, 317, 318, 321, 323, 324, 334, 343, 344, 345], "excluded_lines": [], "executed_branches": [], "missing_branches": [[271, 272], [271, 277], [279, 280], [279, 290], [282, 283], [282, 306], [290, 291], [290, 299], [316, 317], [316, 321]]}, "sanitize": {"executed_lines": [], "summary": {"covered_lines": 0, "num_statements": 15, "percent_covered": 0.0, "percent_covered_display": "0", "missing_lines": 15, "excluded_lines": 0, "num_branches": 2, "num_partial_branches": 0, "covered_branches": 0, "missing_branches": 2}, "missing_lines": [358, 366, 367, 369, 370, 372, 373, 374, 376, 377, 378, 380, 382, 383, 384], "excluded_lines": [], "executed_branches": [], "missing_branches": [[376, 377], [376, 380]]}, "validate": {"executed_lines": [], "summary": {"covered_lines": 0, "num_statements": 14, "percent_covered": 0.0, "percent_covered_display": "0", "missing_lines": 14, "excluded_lines": 0, "num_branches": 4, "num_partial_branches": 0, "covered_branches": 0, "missing_branches": 4}, "missing_lines": [392, 394, 395, 397, 398, 399, 401, 402, 403, 404, 405, 407, 408, 409], "excluded_lines": [], "executed_branches": [], "missing_branches": [[397, 398], [397, 401], [402, 403], [402, 404]]}, "submit": {"executed_lines": [], "summary": {"covered_lines": 0, "num_statements": 17, "percent_covered": 0.0, "percent_covered_display": "0", "missing_lines": 17, "excluded_lines": 0, "num_branches": 6, "num_partial_branches": 0, "covered_branches": 0, "missing_branches": 6}, "missing_lines": [418, 419, 420, 421, 422, 423, 424, 426, 437, 438, 439, 441, 443, 444, 446, 447, 448], "excluded_lines": [], "executed_branches": [], "missing_branches": [[418, 419], [418, 426], [421, 422], [421, 426], [437, 438], [437, 441]]}, "bok": {"executed_lines": [], "summary": {"covered_lines": 0, "num_statements": 1, "percent_covered": 0.0, "percent_covered_display": "0", "missing_lines": 1, "excluded_lines": 0, "num_branches": 0, "num_partial_branches": 0, "covered_branches": 0, "missing_branches": 0}, "missing_lines": [454], "excluded_lines": [], "executed_branches": [], "missing_branches": []}, "bok_search": {"executed_lines": [], "summary": {"covered_lines": 0, "num_statements": 12, "percent_covered": 0.0, "percent_covered_display": "0", "missing_lines": 12, "excluded_lines": 0, "num_branches": 4, "num_partial_branches": 0, "covered_branches": 0, "missing_branches": 4}, "missing_lines": [464, 465, 467, 468, 469, 471, 473, 474, 480, 482, 483, 484], "excluded_lines": [], "executed_branches": [], "missing_branches": [[467, 468], [467, 471], [473, -457], [473, 474]]}, "bok_sync": {"executed_lines": [], "summary": {"covered_lines": 0, "num_statements": 10, "percent_covered": 0.0, "percent_covered_display": "0", "missing_lines": 10, "excluded_lines": 0, "num_branches": 0, "num_partial_branches": 0, "covered_branches": 0, "missing_branches": 0}, "missing_lines": [491, 493, 494, 496, 497, 498, 499, 501, 502, 503], "excluded_lines": [], "executed_branches": [], "missing_branches": []}, "doctor": {"executed_lines": [], "summary": {"covered_lines": 0, "num_statements": 1, "percent_covered": 0.0, "percent_covered_display": "0", "missing_lines": 1, "excluded_lines": 0, "num_branches": 0, "num_partial_branches": 0, "covered_branches": 0, "missing_branches": 0}, "missing_lines": [509], "excluded_lines": [], "executed_branches": [], "missing_branches": []}, "doctor_install": {"executed_lines": [], "summary": {"covered_lines": 0, "num_statements": 7, "percent_covered": 0.0, "percent_covered_display": "0", "missing_lines": 7, "excluded_lines": 0, "num_branches": 4, "num_partial_branches": 0, "covered_branches": 0, "missing_branches": 4}, "missing_lines": [516, 518, 520, 521, 523, 525, 526], "excluded_lines": [], "executed_branches": [], "missing_branches": [[520, 521], [520, 523], [525, -512], [525, 526]]}, "doctor_docs": {"executed_lines": [], "summary": {"covered_lines": 0, "num_statements": 119, "percent_covered": 0.0, "percent_covered_display": "0", "missing_lines": 119, "excluded_lines": 0, "num_branches": 64, "num_partial_branches": 0, "covered_branches": 0, "missing_branches": 64}, "missing_lines": [534, 535, 536, 538, 545, 547, 548, 556, 557, 558, 561, 562, 563, 565, 566, 567, 569, 570, 571, 572, 573, 576, 578, 581, 582, 583, 590, 591, 592, 594, 595, 596, 599, 602, 603, 606, 607, 608, 611, 612, 615, 617, 618, 619, 620, 622, 623, 624, 625, 628, 630, 631, 632, 633, 635, 636, 637, 639, 641, 642, 643, 644, 646, 647, 648, 649, 651, 652, 653, 654, 656, 657, 658, 659, 662, 663, 664, 665, 666, 667, 668, 669, 671, 673, 676, 677, 678, 680, 682, 694, 695, 697, 698, 699, 701, 702, 703, 705, 706, 707, 709, 711, 712, 715, 716, 718, 719, 720, 721, 722, 724, 725, 726, 727, 728, 730, 731, 732, 733], "excluded_lines": [], "executed_branches": [], "missing_branches": [[556, 557], [556, 569], [590, 591], [590, 594], [602, 603], [602, 606], [607, 608], [607, 611], [611, 612], [611, 615], [618, 619], [618, 622], [623, 624], [623, 628], [635, 636], [635, 639], [641, 642], [641, 646], [643, 644], [643, 646], [646, 647], [646, 651], [648, 649], [648, 651], [651, 652], [651, 656], [653, 654], [653, 656], [656, 657], [656, 662], [658, 659], [658, 662], [662, 663], [662, 664], [664, 665], [664, 666], [666, 667], [666, 668], [668, 669], [668, 671], [676, 677], [676, 715], [694, 695], [694, 697], [698, 699], [698, 701], [702, 703], [702, 705], [706, 707], [706, 709], [715, 716], [715, 730], [718, 719], [718, 730], [719, 720], [719, 724], [720, 721], [720, 724], [724, 718], [724, 725], [725, 718], [725, 726], [726, 727], [726, 728]]}, "admin": {"executed_lines": [], "summary": {"covered_lines": 0, "num_statements": 1, "percent_covered": 0.0, "percent_covered_display": "0", "missing_lines": 1, "excluded_lines": 0, "num_branches": 0, "num_partial_branches": 0, "covered_branches": 0, "missing_branches": 0}, "missing_lines": [739], "excluded_lines": [], "executed_branches": [], "missing_branches": []}, "admin_scan": {"executed_lines": [], "summary": {"covered_lines": 0, "num_statements": 28, "percent_covered": 0.0, "percent_covered_display": "0", "missing_lines": 28, "excluded_lines": 0, "num_branches": 14, "num_partial_branches": 0, "covered_branches": 0, "missing_branches": 14}, "missing_lines": [746, 748, 749, 751, 753, 754, 755, 758, 759, 760, 761, 762, 763, 766, 767, 768, 769, 770, 771, 774, 775, 777, 778, 779, 780, 782, 784, 785], "excluded_lines": [], "executed_branches": [], "missing_branches": [[753, 754], [753, 758], [759, 760], [759, 766], [761, 762], [761, 763], [767, 768], [767, 774], [769, 770], [769, 771], [777, 778], [777, 779], [779, 780], [779, 782]]}, "admin_quality": {"executed_lines": [], "summary": {"covered_lines": 0, "num_statements": 18, "percent_covered": 0.0, "percent_covered_display": "0", "missing_lines": 18, "excluded_lines": 0, "num_branches": 6, "num_partial_branches": 0, "covered_branches": 0, "missing_branches": 6}, "missing_lines": [792, 794, 795, 797, 799, 800, 801, 803, 804, 805, 806, 807, 808, 810, 811, 813, 814, 815], "excluded_lines": [], "executed_branches": [], "missing_branches": [[799, 800], [799, 803], [804, 805], [804, 810], [806, 807], [806, 808]]}, "admin_review": {"executed_lines": [], "summary": {"covered_lines": 0, "num_statements": 15, "percent_covered": 0.0, "percent_covered_display": "0", "missing_lines": 15, "excluded_lines": 0, "num_branches": 4, "num_partial_branches": 0, "covered_branches": 0, "missing_branches": 4}, "missing_lines": [822, 824, 825, 827, 829, 830, 832, 833, 835, 836, 837, 838, 840, 842, 843], "excluded_lines": [], "executed_branches": [], "missing_branches": [[835, 836], [835, 837], [837, 838], [837, 840]]}, "admin_ban_user": {"executed_lines": [], "summary": {"covered_lines": 0, "num_statements": 3, "percent_covered": 0.0, "percent_covered_display": "0", "missing_lines": 3, "excluded_lines": 0, "num_branches": 0, "num_partial_branches": 0, "covered_branches": 0, "missing_branches": 0}, "missing_lines": [852, 854, 855], "excluded_lines": [], "executed_branches": [], "missing_branches": []}, "admin_unban_user": {"executed_lines": [], "summary": {"covered_lines": 0, "num_statements": 3, "percent_covered": 0.0, "percent_covered_display": "0", "missing_lines": 3, "excluded_lines": 0, "num_branches": 0, "num_partial_branches": 0, "covered_branches": 0, "missing_branches": 0}, "missing_lines": [862, 864, 865], "excluded_lines": [], "executed_branches": [], "missing_branches": []}, "admin_flag_user": {"executed_lines": [], "summary": {"covered_lines": 0, "num_statements": 3, "percent_covered": 0.0, "percent_covered_display": "0", "missing_lines": 3, "excluded_lines": 0, "num_branches": 0, "num_partial_branches": 0, "covered_branches": 0, "missing_branches": 0}, "missing_lines": [873, 875, 876], "excluded_lines": [], "executed_branches": [], "missing_branches": []}, "admin_list_banned": {"executed_lines": [], "summary": {"covered_lines": 0, "num_statements": 13, "percent_covered": 0.0, "percent_covered_display": "0", "missing_lines": 13, "excluded_lines": 0, "num_branches": 4, "num_partial_branches": 0, "covered_branches": 0, "missing_branches": 4}, "missing_lines": [882, 884, 885, 887, 888, 889, 891, 892, 893, 894, 895, 896, 897], "excluded_lines": [], "executed_branches": [], "missing_branches": [[887, 888], [887, 891], [892, -879], [892, 893]]}, "admin_list_flagged": {"executed_lines": [], "summary": {"covered_lines": 0, "num_statements": 12, "percent_covered": 0.0, "percent_covered_display": "0", "missing_lines": 12, "excluded_lines": 0, "num_branches": 6, "num_partial_branches": 0, "covered_branches": 0, "missing_branches": 6}, "missing_lines": [903, 905, 906, 908, 909, 910, 912, 913, 914, 915, 916, 917], "excluded_lines": [], "executed_branches": [], "missing_branches": [[908, 909], [908, 912], [913, -900], [913, 914], [915, 916], [915, 917]]}, "status": {"executed_lines": [], "summary": {"covered_lines": 0, "num_statements": 31, "percent_covered": 0.0, "percent_covered_display": "0", "missing_lines": 31, "excluded_lines": 0, "num_branches": 8, "num_partial_branches": 0, "covered_branches": 0, "missing_branches": 8}, "missing_lines": [923, 924, 927, 928, 929, 930, 931, 934, 935, 936, 937, 939, 940, 943, 944, 947, 948, 949, 950, 951, 952, 955, 956, 957, 959, 960, 961, 963, 964, 965, 966], "excluded_lines": [], "executed_branches": [], "missing_branches": [[928, 929], [928, 934], [935, 936], [935, 939], [948, 949], [948, 955], [950, 951], [950, 955]]}, "sync": {"executed_lines": [], "summary": {"covered_lines": 0, "num_statements": 18, "percent_covered": 0.0, "percent_covered_display": "0", "missing_lines": 18, "excluded_lines": 0, "num_branches": 4, "num_partial_branches": 0, "covered_branches": 0, "missing_branches": 4}, "missing_lines": [991, 993, 994, 996, 997, 998, 999, 1000, 1001, 1002, 1004, 1005, 1006, 1007, 1008, 1009, 1010, 1011], "excluded_lines": [], "executed_branches": [], "missing_branches": [[996, 997], [996, 1000], [1000, 1001], [1000, 1004]]}, "config": {"executed_lines": [], "summary": {"covered_lines": 0, "num_statements": 1, "percent_covered": 0.0, "percent_covered_display": "0", "missing_lines": 1, "excluded_lines": 0, "num_branches": 0, "num_partial_branches": 0, "covered_branches": 0, "missing_branches": 0}, "missing_lines": [1017], "excluded_lines": [], "executed_branches": [], "missing_branches": []}, "config_list": {"executed_lines": [], "summary": {"covered_lines": 0, "num_statements": 12, "percent_covered": 0.0, "percent_covered_display": "0", "missing_lines": 12, "excluded_lines": 0, "num_branches": 4, "num_partial_branches": 0, "covered_branches": 0, "missing_branches": 4}, "missing_lines": [1023, 1025, 1026, 1027, 1028, 1029, 1031, 1032, 1034, 1035, 1036, 1037], "excluded_lines": [], "executed_branches": [], "missing_branches": [[1026, 1027], [1026, 1031], [1035, 1036], [1035, 1037]]}, "config_get": {"executed_lines": [], "summary": {"covered_lines": 0, "num_statements": 11, "percent_covered": 0.0, "percent_covered_display": "0", "missing_lines": 11, "excluded_lines": 0, "num_branches": 4, "num_partial_branches": 0, "covered_branches": 0, "missing_branches": 4}, "missing_lines": [1044, 1046, 1047, 1048, 1049, 1051, 1052, 1054, 1055, 1057, 1058], "excluded_lines": [], "executed_branches": [], "missing_branches": [[1047, 1048], [1047, 1051], [1054, 1055], [1054, 1057]]}, "config_set": {"executed_lines": [], "summary": {"covered_lines": 0, "num_statements": 16, "percent_covered": 0.0, "percent_covered_display": "0", "missing_lines": 16, "excluded_lines": 0, "num_branches": 6, "num_partial_branches": 0, "covered_branches": 0, "missing_branches": 6}, "missing_lines": [1066, 1068, 1069, 1070, 1071, 1072, 1074, 1075, 1078, 1079, 1082, 1083, 1085, 1087, 1088, 1090], "excluded_lines": [], "executed_branches": [], "missing_branches": [[1069, 1070], [1069, 1074], [1078, 1079], [1078, 1082], [1082, 1083], [1082, 1085]]}, "_parse_conversation": {"executed_lines": [], "summary": {"covered_lines": 0, "num_statements": 36, "percent_covered": 0.0, "percent_covered_display": "0", "missing_lines": 36, "excluded_lines": 0, "num_branches": 22, "num_partial_branches": 0, "covered_branches": 0, "missing_branches": 22}, "missing_lines": [1103, 1105, 1108, 1111, 1112, 1113, 1114, 1115, 1116, 1118, 1121, 1122, 1128, 1129, 1130, 1133, 1134, 1141, 1142, 1143, 1144, 1145, 1146, 1149, 1150, 1156, 1157, 1158, 1161, 1162, 1163, 1164, 1165, 1166, 1167, 1169], "excluded_lines": [], "executed_branches": [], "missing_branches": [[1112, 1113], [1112, 1118], [1113, 1112], [1113, 1114], [1115, 1112], [1115, 1116], [1128, 1129], [1128, 1133], [1141, 1142], [1141, 1149], [1143, 1141], [1143, 1144], [1145, 1143], [1145, 1146], [1156, 1157], [1156, 1161], [1163, 1164], [1163, 1169], [1164, 1163], [1164, 1165], [1165, 1163], [1165, 1166]]}, "hive": {"executed_lines": [], "summary": {"covered_lines": 0, "num_statements": 1, "percent_covered": 0.0, "percent_covered_display": "0", "missing_lines": 1, "excluded_lines": 0, "num_branches": 0, "num_partial_branches": 0, "covered_branches": 0, "missing_branches": 0}, "missing_lines": [1182], "excluded_lines": [], "executed_branches": [], "missing_branches": []}, "hive_assign": {"executed_lines": [], "summary": {"covered_lines": 0, "num_statements": 12, "percent_covered": 0.0, "percent_covered_display": "0", "missing_lines": 12, "excluded_lines": 0, "num_branches": 0, "num_partial_branches": 0, "covered_branches": 0, "missing_branches": 0}, "missing_lines": [1193, 1195, 1196, 1198, 1199, 1207, 1208, 1209, 1210, 1212, 1213, 1214], "excluded_lines": [], "executed_branches": [], "missing_branches": []}, "hive_queue_cmd": {"executed_lines": [], "summary": {"covered_lines": 0, "num_statements": 28, "percent_covered": 0.0, "percent_covered_display": "0", "missing_lines": 28, "excluded_lines": 0, "num_branches": 12, "num_partial_branches": 0, "covered_branches": 0, "missing_branches": 12}, "missing_lines": [1221, 1223, 1225, 1226, 1228, 1229, 1230, 1232, 1233, 1234, 1235, 1237, 1239, 1240, 1241, 1244, 1246, 1247, 1248, 1250, 1251, 1252, 1254, 1255, 1257, 1259, 1260, 1262], "excluded_lines": [], "executed_branches": [], "missing_branches": [[1223, 1225], [1223, 1244], [1232, 1233], [1232, 1237], [1234, -1217], [1234, 1235], [1246, 1247], [1246, 1262], [1247, 1248], [1247, 1250], [1254, 1255], [1254, 1257]]}, "hive_watch": {"executed_lines": [], "summary": {"covered_lines": 0, "num_statements": 12, "percent_covered": 0.0, "percent_covered_display": "0", "missing_lines": 12, "excluded_lines": 0, "num_branches": 0, "num_partial_branches": 0, "covered_branches": 0, "missing_branches": 0}, "missing_lines": [1269, 1271, 1272, 1273, 1275, 1277, 1278, 1279, 1280, 1281, 1282, 1283], "excluded_lines": [], "executed_branches": [], "missing_branches": []}, "hive_agent_status": {"executed_lines": [], "summary": {"covered_lines": 0, "num_statements": 18, "percent_covered": 0.0, "percent_covered_display": "0", "missing_lines": 18, "excluded_lines": 0, "num_branches": 8, "num_partial_branches": 0, "covered_branches": 0, "missing_branches": 8}, "missing_lines": [1291, 1292, 1293, 1295, 1297, 1298, 1299, 1300, 1302, 1303, 1304, 1305, 1307, 1308, 1310, 1311, 1312, 1313], "excluded_lines": [], "executed_branches": [], "missing_branches": [[1297, 1298], [1297, 1307], [1299, 1300], [1299, 1302], [1304, -1286], [1304, 1305], [1307, 1308], [1307, 1310]]}, "hive_agents": {"executed_lines": [], "summary": {"covered_lines": 0, "num_statements": 10, "percent_covered": 0.0, "percent_covered_display": "0", "missing_lines": 10, "excluded_lines": 0, "num_branches": 4, "num_partial_branches": 0, "covered_branches": 0, "missing_branches": 4}, "missing_lines": [1320, 1321, 1323, 1324, 1326, 1327, 1329, 1330, 1331, 1332], "excluded_lines": [], "executed_branches": [], "missing_branches": [[1326, 1327], [1326, 1329], [1329, -1316], [1329, 1330]]}, "hive_heartbeat": {"executed_lines": [], "summary": {"covered_lines": 0, "num_statements": 7, "percent_covered": 0.0, "percent_covered_display": "0", "missing_lines": 7, "excluded_lines": 0, "num_branches": 0, "num_partial_branches": 0, "covered_branches": 0, "missing_branches": 0}, "missing_lines": [1341, 1342, 1344, 1345, 1346, 1347, 1348], "excluded_lines": [], "executed_branches": [], "missing_branches": []}, "hive_monitor": {"executed_lines": [], "summary": {"covered_lines": 0, "num_statements": 11, "percent_covered": 0.0, "percent_covered_display": "0", "missing_lines": 11, "excluded_lines": 0, "num_branches": 0, "num_partial_branches": 0, "covered_branches": 0, "missing_branches": 0}, "missing_lines": [1355, 1356, 1358, 1359, 1360, 1361, 1362, 1363, 1364, 1365, 1366], "excluded_lines": [], "executed_branches": [], "missing_branches": []}, "hive_dashboard": {"executed_lines": [], "summary": {"covered_lines": 0, "num_statements": 12, "percent_covered": 0.0, "percent_covered_display": "0", "missing_lines": 12, "excluded_lines": 0, "num_branches": 2, "num_partial_branches": 0, "covered_branches": 0, "missing_branches": 2}, "missing_lines": [1372, 1373, 1374, 1375, 1377, 1379, 1387, 1388, 1389, 1390, 1391, 1393], "excluded_lines": [], "executed_branches": [], "missing_branches": [[1389, 1390], [1389, 1393]]}, "hive_dashboard.update_dashboard": {"executed_lines": [], "summary": {"covered_lines": 0, "num_statements": 6, "percent_covered": 0.0, "percent_covered_display": "0", "missing_lines": 6, "excluded_lines": 0, "num_branches": 0, "num_partial_branches": 0, "covered_branches": 0, "missing_branches": 0}, "missing_lines": [1380, 1381, 1382, 1383, 1384, 1385], "excluded_lines": [], "executed_branches": [], "missing_branches": []}, "hive_register": {"executed_lines": [], "summary": {"covered_lines": 0, "num_statements": 7, "percent_covered": 0.0, "percent_covered_display": "0", "missing_lines": 7, "excluded_lines": 0, "num_branches": 0, "num_partial_branches": 0, "covered_branches": 0, "missing_branches": 0}, "missing_lines": [1401, 1402, 1404, 1405, 1406, 1407, 1408], "excluded_lines": [], "executed_branches": [], "missing_branches": []}, "hive_join": {"executed_lines": [], "summary": {"covered_lines": 0, "num_statements": 15, "percent_covered": 0.0, "percent_covered_display": "0", "missing_lines": 15, "excluded_lines": 0, "num_branches": 2, "num_partial_branches": 0, "covered_branches": 0, "missing_branches": 2}, "missing_lines": [1425, 1427, 1433, 1434, 1435, 1437, 1438, 1449, 1450, 1452, 1453, 1454, 1455, 1456, 1457], "excluded_lines": [], "executed_branches": [], "missing_branches": [[1437, 1438], [1437, 1449]]}, "hive_launch": {"executed_lines": [], "summary": {"covered_lines": 0, "num_statements": 20, "percent_covered": 0.0, "percent_covered_display": "0", "missing_lines": 20, "excluded_lines": 0, "num_branches": 4, "num_partial_branches": 0, "covered_branches": 0, "missing_branches": 4}, "missing_lines": [1474, 1476, 1482, 1483, 1484, 1486, 1487, 1489, 1491, 1501, 1502, 1503, 1505, 1506, 1508, 1509, 1510, 1511, 1512, 1513], "excluded_lines": [], "executed_branches": [], "missing_branches": [[1486, 1487], [1486, 1505], [1501, -1460], [1501, 1502]]}, "slash_command": {"executed_lines": [], "summary": {"covered_lines": 0, "num_statements": 33, "percent_covered": 0.0, "percent_covered_display": "0", "missing_lines": 33, "excluded_lines": 0, "num_branches": 16, "num_partial_branches": 0, "covered_branches": 0, "missing_branches": 16}, "missing_lines": [1534, 1537, 1539, 1540, 1541, 1542, 1543, 1544, 1546, 1547, 1549, 1551, 1553, 1554, 1555, 1556, 1557, 1559, 1561, 1562, 1564, 1566, 1568, 1569, 1570, 1571, 1573, 1574, 1577, 1578, 1580, 1581, 1582], "excluded_lines": [], "executed_branches": [], "missing_branches": [[1539, 1540], [1539, 1546], [1549, 1551], [1549, 1564], [1553, 1554], [1553, 1561], [1555, -1516], [1555, 1556], [1556, 1557], [1556, 1559], [1564, 1566], [1564, 1577], [1568, 1569], [1568, 1573], [1570, -1516], [1570, 1571]]}, "librarian": {"executed_lines": [], "summary": {"covered_lines": 0, "num_statements": 1, "percent_covered": 0.0, "percent_covered_display": "0", "missing_lines": 1, "excluded_lines": 0, "num_branches": 0, "num_partial_branches": 0, "covered_branches": 0, "missing_branches": 0}, "missing_lines": [1588], "excluded_lines": [], "executed_branches": [], "missing_branches": []}, "librarian_query": {"executed_lines": [], "summary": {"covered_lines": 0, "num_statements": 22, "percent_covered": 0.0, "percent_covered_display": "0", "missing_lines": 22, "excluded_lines": 0, "num_branches": 8, "num_partial_branches": 0, "covered_branches": 0, "missing_branches": 8}, "missing_lines": [1615, 1618, 1619, 1621, 1622, 1623, 1624, 1625, 1626, 1627, 1628, 1629, 1631, 1632, 1633, 1634, 1635, 1636, 1637, 1638, 1639, 1640], "excluded_lines": [], "executed_branches": [], "missing_branches": [[1621, 1622], [1621, 1623], [1623, 1624], [1623, 1625], [1625, 1626], [1625, 1627], [1627, 1628], [1627, 1629]]}, "get_editor": {"executed_lines": [], "summary": {"covered_lines": 0, "num_statements": 2, "percent_covered": 0.0, "percent_covered_display": "0", "missing_lines": 2, "excluded_lines": 0, "num_branches": 0, "num_partial_branches": 0, "covered_branches": 0, "missing_branches": 0}, "missing_lines": [1645, 1646], "excluded_lines": [], "executed_branches": [], "missing_branches": []}, "": {"executed_lines": [1, 5, 6, 7, 8, 9, 10, 11, 13, 14, 15, 16, 17, 18, 19, 21, 24, 25, 26, 35, 36, 37, 39, 61, 62, 63, 65, 69, 114, 115, 120, 121, 126, 127, 128, 129, 130, 136, 137, 138, 151, 152, 158, 159, 165, 166, 170, 171, 173, 177, 196, 197, 198, 199, 262, 263, 264, 265, 348, 349, 350, 352, 355, 387, 388, 389, 412, 413, 414, 415, 451, 452, 457, 458, 459, 460, 461, 487, 488, 506, 507, 512, 513, 514, 529, 530, 531, 532, 736, 737, 742, 743, 744, 788, 789, 790, 818, 819, 820, 846, 847, 848, 849, 850, 858, 859, 860, 868, 869, 870, 871, 879, 880, 900, 901, 920, 921, 969, 970, 971, 972, 973, 1014, 1015, 1020, 1021, 1040, 1041, 1042, 1061, 1062, 1063, 1064, 1093, 1179, 1180, 1185, 1186, 1187, 1188, 1189, 1190, 1191, 1217, 1218, 1219, 1265, 1266, 1267, 1286, 1287, 1288, 1289, 1316, 1317, 1318, 1335, 1336, 1337, 1338, 1339, 1351, 1352, 1353, 1369, 1370, 1396, 1397, 1398, 1399, 1411, 1412, 1413, 1414, 1460, 1461, 1462, 1463, 1516, 1517, 1518, 1519, 1520, 1521, 1522, 1585, 1586, 1591, 1592, 1593, 1595, 1596, 1598, 1600, 1602, 1643, 1649], "summary": {"covered_lines": 196, "num_statements": 197, "percent_covered": 98.99497487437186, "percent_covered_display": "99", "missing_lines": 1, "excluded_lines": 0, "num_branches": 2, "num_partial_branches": 1, "covered_branches": 1, "missing_branches": 1}, "missing_lines": [1650], "excluded_lines": [], "executed_branches": [[1649, -1]], "missing_branches": [[1649, 1650]]}}, "classes": {"": {"executed_lines": [1, 5, 6, 7, 8, 9, 10, 11, 13, 14, 15, 16, 17, 18, 19, 21, 24, 25, 26, 35, 36, 37, 39, 61, 62, 63, 65, 69, 114, 115, 120, 121, 126, 127, 128, 129, 130, 136, 137, 138, 151, 152, 158, 159, 165, 166, 170, 171, 173, 177, 196, 197, 198, 199, 262, 263, 264, 265, 348, 349, 350, 352, 355, 387, 388, 389, 412, 413, 414, 415, 451, 452, 457, 458, 459, 460, 461, 487, 488, 506, 507, 512, 513, 514, 529, 530, 531, 532, 736, 737, 742, 743, 744, 788, 789, 790, 818, 819, 820, 846, 847, 848, 849, 850, 858, 859, 860, 868, 869, 870, 871, 879, 880, 900, 901, 920, 921, 969, 970, 971, 972, 973, 1014, 1015, 1020, 1021, 1040, 1041, 1042, 1061, 1062, 1063, 1064, 1093, 1179, 1180, 1185, 1186, 1187, 1188, 1189, 1190, 1191, 1217, 1218, 1219, 1265, 1266, 1267, 1286, 1287, 1288, 1289, 1316, 1317, 1318, 1335, 1336, 1337, 1338, 1339, 1351, 1352, 1353, 1369, 1370, 1396, 1397, 1398, 1399, 1411, 1412, 1413, 1414, 1460, 1461, 1462, 1463, 1516, 1517, 1518, 1519, 1520, 1521, 1522, 1585, 1586, 1591, 1592, 1593, 1595, 1596, 1598, 1600, 1602, 1643, 1649], "summary": {"covered_lines": 196, "num_statements": 973, "percent_covered": 16.055419722901384, "percent_covered_display": "16", "missing_lines": 777, "excluded_lines": 0, "num_branches": 254, "num_partial_branches": 1, "covered_branches": 1, "missing_branches": 253}, "missing_lines": [32, 42, 48, 49, 50, 51, 52, 54, 55, 56, 57, 58, 72, 78, 81, 82, 83, 84, 85, 86, 87, 88, 89, 90, 92, 93, 96, 97, 98, 99, 100, 103, 104, 105, 106, 107, 109, 110, 111, 117, 123, 131, 132, 133, 139, 140, 141, 142, 143, 144, 145, 146, 147, 148, 153, 154, 155, 160, 161, 162, 167, 168, 169, 180, 181, 183, 184, 187, 188, 189, 191, 192, 193, 206, 209, 210, 213, 214, 215, 216, 218, 219, 222, 224, 225, 227, 228, 230, 231, 233, 236, 237, 247, 257, 258, 259, 267, 268, 271, 272, 273, 274, 277, 279, 280, 281, 282, 283, 284, 285, 286, 287, 288, 290, 291, 292, 293, 294, 295, 296, 299, 300, 301, 302, 303, 306, 307, 310, 311, 312, 313, 314, 316, 317, 318, 321, 323, 324, 334, 343, 344, 345, 358, 366, 367, 369, 370, 372, 373, 374, 376, 377, 378, 380, 382, 383, 384, 392, 394, 395, 397, 398, 399, 401, 402, 403, 404, 405, 407, 408, 409, 418, 419, 420, 421, 422, 423, 424, 426, 437, 438, 439, 441, 443, 444, 446, 447, 448, 454, 464, 465, 467, 468, 469, 471, 473, 474, 480, 482, 483, 484, 491, 493, 494, 496, 497, 498, 499, 501, 502, 503, 509, 516, 518, 520, 521, 523, 525, 526, 534, 535, 536, 538, 545, 547, 548, 556, 557, 558, 561, 562, 563, 565, 566, 567, 569, 570, 571, 572, 573, 576, 578, 581, 582, 583, 590, 591, 592, 594, 595, 596, 599, 602, 603, 606, 607, 608, 611, 612, 615, 617, 618, 619, 620, 622, 623, 624, 625, 628, 630, 631, 632, 633, 635, 636, 637, 639, 641, 642, 643, 644, 646, 647, 648, 649, 651, 652, 653, 654, 656, 657, 658, 659, 662, 663, 664, 665, 666, 667, 668, 669, 671, 673, 676, 677, 678, 680, 682, 694, 695, 697, 698, 699, 701, 702, 703, 705, 706, 707, 709, 711, 712, 715, 716, 718, 719, 720, 721, 722, 724, 725, 726, 727, 728, 730, 731, 732, 733, 739, 746, 748, 749, 751, 753, 754, 755, 758, 759, 760, 761, 762, 763, 766, 767, 768, 769, 770, 771, 774, 775, 777, 778, 779, 780, 782, 784, 785, 792, 794, 795, 797, 799, 800, 801, 803, 804, 805, 806, 807, 808, 810, 811, 813, 814, 815, 822, 824, 825, 827, 829, 830, 832, 833, 835, 836, 837, 838, 840, 842, 843, 852, 854, 855, 862, 864, 865, 873, 875, 876, 882, 884, 885, 887, 888, 889, 891, 892, 893, 894, 895, 896, 897, 903, 905, 906, 908, 909, 910, 912, 913, 914, 915, 916, 917, 923, 924, 927, 928, 929, 930, 931, 934, 935, 936, 937, 939, 940, 943, 944, 947, 948, 949, 950, 951, 952, 955, 956, 957, 959, 960, 961, 963, 964, 965, 966, 991, 993, 994, 996, 997, 998, 999, 1000, 1001, 1002, 1004, 1005, 1006, 1007, 1008, 1009, 1010, 1011, 1017, 1023, 1025, 1026, 1027, 1028, 1029, 1031, 1032, 1034, 1035, 1036, 1037, 1044, 1046, 1047, 1048, 1049, 1051, 1052, 1054, 1055, 1057, 1058, 1066, 1068, 1069, 1070, 1071, 1072, 1074, 1075, 1078, 1079, 1082, 1083, 1085, 1087, 1088, 1090, 1103, 1105, 1108, 1111, 1112, 1113, 1114, 1115, 1116, 1118, 1121, 1122, 1128, 1129, 1130, 1133, 1134, 1141, 1142, 1143, 1144, 1145, 1146, 1149, 1150, 1156, 1157, 1158, 1161, 1162, 1163, 1164, 1165, 1166, 1167, 1169, 1182, 1193, 1195, 1196, 1198, 1199, 1207, 1208, 1209, 1210, 1212, 1213, 1214, 1221, 1223, 1225, 1226, 1228, 1229, 1230, 1232, 1233, 1234, 1235, 1237, 1239, 1240, 1241, 1244, 1246, 1247, 1248, 1250, 1251, 1252, 1254, 1255, 1257, 1259, 1260, 1262, 1269, 1271, 1272, 1273, 1275, 1277, 1278, 1279, 1280, 1281, 1282, 1283, 1291, 1292, 1293, 1295, 1297, 1298, 1299, 1300, 1302, 1303, 1304, 1305, 1307, 1308, 1310, 1311, 1312, 1313, 1320, 1321, 1323, 1324, 1326, 1327, 1329, 1330, 1331, 1332, 1341, 1342, 1344, 1345, 1346, 1347, 1348, 1355, 1356, 1358, 1359, 1360, 1361, 1362, 1363, 1364, 1365, 1366, 1372, 1373, 1374, 1375, 1377, 1379, 1380, 1381, 1382, 1383, 1384, 1385, 1387, 1388, 1389, 1390, 1391, 1393, 1401, 1402, 1404, 1405, 1406, 1407, 1408, 1425, 1427, 1433, 1434, 1435, 1437, 1438, 1449, 1450, 1452, 1453, 1454, 1455, 1456, 1457, 1474, 1476, 1482, 1483, 1484, 1486, 1487, 1489, 1491, 1501, 1502, 1503, 1505, 1506, 1508, 1509, 1510, 1511, 1512, 1513, 1534, 1537, 1539, 1540, 1541, 1542, 1543, 1544, 1546, 1547, 1549, 1551, 1553, 1554, 1555, 1556, 1557, 1559, 1561, 1562, 1564, 1566, 1568, 1569, 1570, 1571, 1573, 1574, 1577, 1578, 1580, 1581, 1582, 1588, 1615, 1618, 1619, 1621, 1622, 1623, 1624, 1625, 1626, 1627, 1628, 1629, 1631, 1632, 1633, 1634, 1635, 1636, 1637, 1638, 1639, 1640, 1645, 1646, 1650], "excluded_lines": [], "executed_branches": [[1649, -1]], "missing_branches": [[50, 51], [50, 54], [82, 83], [82, 96], [85, 86], [85, 92], [96, 97], [96, 103], [98, 99], [98, 103], [105, -61], [105, 106], [141, 142], [141, 144], [187, -170], [187, 188], [209, 210], [209, 213], [214, 215], [214, 218], [271, 272], [271, 277], [279, 280], [279, 290], [282, 283], [282, 306], [290, 291], [290, 299], [316, 317], [316, 321], [376, 377], [376, 380], [397, 398], [397, 401], [402, 403], [402, 404], [418, 419], [418, 426], [421, 422], [421, 426], [437, 438], [437, 441], [467, 468], [467, 471], [473, -457], [473, 474], [520, 521], [520, 523], [525, -512], [525, 526], [556, 557], [556, 569], [590, 591], [590, 594], [602, 603], [602, 606], [607, 608], [607, 611], [611, 612], [611, 615], [618, 619], [618, 622], [623, 624], [623, 628], [635, 636], [635, 639], [641, 642], [641, 646], [643, 644], [643, 646], [646, 647], [646, 651], [648, 649], [648, 651], [651, 652], [651, 656], [653, 654], [653, 656], [656, 657], [656, 662], [658, 659], [658, 662], [662, 663], [662, 664], [664, 665], [664, 666], [666, 667], [666, 668], [668, 669], [668, 671], [676, 677], [676, 715], [694, 695], [694, 697], [698, 699], [698, 701], [702, 703], [702, 705], [706, 707], [706, 709], [715, 716], [715, 730], [718, 719], [718, 730], [719, 720], [719, 724], [720, 721], [720, 724], [724, 718], [724, 725], [725, 718], [725, 726], [726, 727], [726, 728], [753, 754], [753, 758], [759, 760], [759, 766], [761, 762], [761, 763], [767, 768], [767, 774], [769, 770], [769, 771], [777, 778], [777, 779], [779, 780], [779, 782], [799, 800], [799, 803], [804, 805], [804, 810], [806, 807], [806, 808], [835, 836], [835, 837], [837, 838], [837, 840], [887, 888], [887, 891], [892, -879], [892, 893], [908, 909], [908, 912], [913, -900], [913, 914], [915, 916], [915, 917], [928, 929], [928, 934], [935, 936], [935, 939], [948, 949], [948, 955], [950, 951], [950, 955], [996, 997], [996, 1000], [1000, 1001], [1000, 1004], [1026, 1027], [1026, 1031], [1035, 1036], [1035, 1037], [1047, 1048], [1047, 1051], [1054, 1055], [1054, 1057], [1069, 1070], [1069, 1074], [1078, 1079], [1078, 1082], [1082, 1083], [1082, 1085], [1112, 1113], [1112, 1118], [1113, 1112], [1113, 1114], [1115, 1112], [1115, 1116], [1128, 1129], [1128, 1133], [1141, 1142], [1141, 1149], [1143, 1141], [1143, 1144], [1145, 1143], [1145, 1146], [1156, 1157], [1156, 1161], [1163, 1164], [1163, 1169], [1164, 1163], [1164, 1165], [1165, 1163], [1165, 1166], [1223, 1225], [1223, 1244], [1232, 1233], [1232, 1237], [1234, -1217], [1234, 1235], [1246, 1247], [1246, 1262], [1247, 1248], [1247, 1250], [1254, 1255], [1254, 1257], [1297, 1298], [1297, 1307], [1299, 1300], [1299, 1302], [1304, -1286], [1304, 1305], [1307, 1308], [1307, 1310], [1326, 1327], [1326, 1329], [1329, -1316], [1329, 1330], [1389, 1390], [1389, 1393], [1437, 1438], [1437, 1449], [1486, 1487], [1486, 1505], [1501, -1460], [1501, 1502], [1539, 1540], [1539, 1546], [1549, 1551], [1549, 1564], [1553, 1554], [1553, 1561], [1555, -1516], [1555, 1556], [1556, 1557], [1556, 1559], [1564, 1566], [1564, 1577], [1568, 1569], [1568, 1573], [1570, -1516], [1570, 1571], [1621, 1622], [1621, 1623], [1623, 1624], [1623, 1625], [1625, 1626], [1625, 1627], [1627, 1628], [1627, 1629], [1649, 1650]]}}}, "src\\deia\\cli_hive.py": {"executed_lines": [], "summary": {"covered_lines": 0, "num_statements": 67, "percent_covered": 0.0, "percent_covered_display": "0", "missing_lines": 67, "excluded_lines": 0, "num_branches": 12, "num_partial_branches": 0, "covered_branches": 0, "missing_branches": 12}, "missing_lines": [1, 2, 3, 4, 5, 7, 13, 14, 15, 17, 19, 21, 22, 24, 26, 27, 28, 29, 31, 32, 33, 34, 36, 37, 38, 39, 41, 42, 44, 46, 47, 48, 50, 51, 52, 54, 55, 57, 58, 59, 60, 61, 63, 64, 66, 67, 68, 70, 71, 72, 73, 75, 76, 78, 79, 80, 81, 82, 83, 84, 86, 88, 89, 90, 91, 93, 94], "excluded_lines": [], "executed_branches": [], "missing_branches": [[31, 32], [31, 41], [33, 34], [33, 36], [38, -26], [38, 39], [41, 42], [41, 44], [51, 52], [51, 54], [54, -46], [54, 55]], "functions": {"hive": {"executed_lines": [], "summary": {"covered_lines": 0, "num_statements": 1, "percent_covered": 0.0, "percent_covered_display": "0", "missing_lines": 1, "excluded_lines": 0, "num_branches": 0, "num_partial_branches": 0, "covered_branches": 0, "missing_branches": 0}, "missing_lines": [24], "excluded_lines": [], "executed_branches": [], "missing_branches": []}, "status": {"executed_lines": [], "summary": {"covered_lines": 0, "num_statements": 11, "percent_covered": 0.0, "percent_covered_display": "0", "missing_lines": 11, "excluded_lines": 0, "num_branches": 8, "num_partial_branches": 0, "covered_branches": 0, "missing_branches": 8}, "missing_lines": [31, 32, 33, 34, 36, 37, 38, 39, 41, 42, 44], "excluded_lines": [], "executed_branches": [], "missing_branches": [[31, 32], [31, 41], [33, 34], [33, 36], [38, -26], [38, 39], [41, 42], [41, 44]]}, "agents": {"executed_lines": [], "summary": {"covered_lines": 0, "num_statements": 5, "percent_covered": 0.0, "percent_covered_display": "0", "missing_lines": 5, "excluded_lines": 0, "num_branches": 4, "num_partial_branches": 0, "covered_branches": 0, "missing_branches": 4}, "missing_lines": [50, 51, 52, 54, 55], "excluded_lines": [], "executed_branches": [], "missing_branches": [[51, 52], [51, 54], [54, -46], [54, 55]]}, "heartbeat": {"executed_lines": [], "summary": {"covered_lines": 0, "num_statements": 2, "percent_covered": 0.0, "percent_covered_display": "0", "missing_lines": 2, "excluded_lines": 0, "num_branches": 0, "num_partial_branches": 0, "covered_branches": 0, "missing_branches": 0}, "missing_lines": [63, 64], "excluded_lines": [], "executed_branches": [], "missing_branches": []}, "monitor": {"executed_lines": [], "summary": {"covered_lines": 0, "num_statements": 4, "percent_covered": 0.0, "percent_covered_display": "0", "missing_lines": 4, "excluded_lines": 0, "num_branches": 0, "num_partial_branches": 0, "covered_branches": 0, "missing_branches": 0}, "missing_lines": [70, 71, 72, 73], "excluded_lines": [], "executed_branches": [], "missing_branches": []}, "dashboard": {"executed_lines": [], "summary": {"covered_lines": 0, "num_statements": 2, "percent_covered": 0.0, "percent_covered_display": "0", "missing_lines": 2, "excluded_lines": 0, "num_branches": 0, "num_partial_branches": 0, "covered_branches": 0, "missing_branches": 0}, "missing_lines": [78, 86], "excluded_lines": [], "executed_branches": [], "missing_branches": []}, "dashboard.update_dashboard": {"executed_lines": [], "summary": {"covered_lines": 0, "num_statements": 6, "percent_covered": 0.0, "percent_covered_display": "0", "missing_lines": 6, "excluded_lines": 0, "num_branches": 0, "num_partial_branches": 0, "covered_branches": 0, "missing_branches": 0}, "missing_lines": [79, 80, 81, 82, 83, 84], "excluded_lines": [], "executed_branches": [], "missing_branches": []}, "register": {"executed_lines": [], "summary": {"covered_lines": 0, "num_statements": 2, "percent_covered": 0.0, "percent_covered_display": "0", "missing_lines": 2, "excluded_lines": 0, "num_branches": 0, "num_partial_branches": 0, "covered_branches": 0, "missing_branches": 0}, "missing_lines": [93, 94], "excluded_lines": [], "executed_branches": [], "missing_branches": []}, "": {"executed_lines": [], "summary": {"covered_lines": 0, "num_statements": 34, "percent_covered": 0.0, "percent_covered_display": "0", "missing_lines": 34, "excluded_lines": 0, "num_branches": 0, "num_partial_branches": 0, "covered_branches": 0, "missing_branches": 0}, "missing_lines": [1, 2, 3, 4, 5, 7, 13, 14, 15, 17, 19, 21, 22, 26, 27, 28, 29, 46, 47, 48, 57, 58, 59, 60, 61, 66, 67, 68, 75, 76, 88, 89, 90, 91], "excluded_lines": [], "executed_branches": [], "missing_branches": []}}, "classes": {"": {"executed_lines": [], "summary": {"covered_lines": 0, "num_statements": 67, "percent_covered": 0.0, "percent_covered_display": "0", "missing_lines": 67, "excluded_lines": 0, "num_branches": 12, "num_partial_branches": 0, "covered_branches": 0, "missing_branches": 12}, "missing_lines": [1, 2, 3, 4, 5, 7, 13, 14, 15, 17, 19, 21, 22, 24, 26, 27, 28, 29, 31, 32, 33, 34, 36, 37, 38, 39, 41, 42, 44, 46, 47, 48, 50, 51, 52, 54, 55, 57, 58, 59, 60, 61, 63, 64, 66, 67, 68, 70, 71, 72, 73, 75, 76, 78, 79, 80, 81, 82, 83, 84, 86, 88, 89, 90, 91, 93, 94], "excluded_lines": [], "executed_branches": [], "missing_branches": [[31, 32], [31, 41], [33, 34], [33, 36], [38, -26], [38, 39], [41, 42], [41, 44], [51, 52], [51, 54], [54, -46], [54, 55]]}}}, "src\\deia\\cli_log.py": {"executed_lines": [1, 5, 6, 7, 8, 9, 10, 12, 14, 17, 18, 19, 20, 21, 28, 30, 31, 32, 35, 36, 39, 40, 41, 42, 43, 45, 46, 48, 49, 52, 54, 55, 57, 58, 60, 61, 63, 66, 76, 87], "summary": {"covered_lines": 39, "num_statements": 40, "percent_covered": 96.0, "percent_covered_display": "96", "missing_lines": 1, "excluded_lines": 0, "num_branches": 10, "num_partial_branches": 1, "covered_branches": 9, "missing_branches": 1}, "missing_lines": [88], "excluded_lines": [], "executed_branches": [[30, 31], [30, 35], [35, 36], [35, 39], [40, 41], [40, 48], [42, 43], [42, 45], [87, -1]], "missing_branches": [[87, 88]], "functions": {"log": {"executed_lines": [28, 30, 31, 32, 35, 36, 39, 40, 41, 42, 43, 45, 46, 48, 49, 52, 54, 55, 57, 58, 60, 61, 63, 66, 76], "summary": {"covered_lines": 25, "num_statements": 25, "percent_covered": 100.0, "percent_covered_display": "100", "missing_lines": 0, "excluded_lines": 0, "num_branches": 8, "num_partial_branches": 0, "covered_branches": 8, "missing_branches": 0}, "missing_lines": [], "excluded_lines": [], "executed_branches": [[30, 31], [30, 35], [35, 36], [35, 39], [40, 41], [40, 48], [42, 43], [42, 45]], "missing_branches": []}, "": {"executed_lines": [1, 5, 6, 7, 8, 9, 10, 12, 14, 17, 18, 19, 20, 21, 87], "summary": {"covered_lines": 14, "num_statements": 15, "percent_covered": 88.23529411764706, "percent_covered_display": "88", "missing_lines": 1, "excluded_lines": 0, "num_branches": 2, "num_partial_branches": 1, "covered_branches": 1, "missing_branches": 1}, "missing_lines": [88], "excluded_lines": [], "executed_branches": [[87, -1]], "missing_branches": [[87, 88]]}}, "classes": {"": {"executed_lines": [1, 5, 6, 7, 8, 9, 10, 12, 14, 17, 18, 19, 20, 21, 28, 30, 31, 32, 35, 36, 39, 40, 41, 42, 43, 45, 46, 48, 49, 52, 54, 55, 57, 58, 60, 61, 63, 66, 76, 87], "summary": {"covered_lines": 39, "num_statements": 40, "percent_covered": 96.0, "percent_covered_display": "96", "missing_lines": 1, "excluded_lines": 0, "num_branches": 10, "num_partial_branches": 1, "covered_branches": 9, "missing_branches": 1}, "missing_lines": [88], "excluded_lines": [], "executed_branches": [[30, 31], [30, 35], [35, 36], [35, 39], [40, 41], [40, 48], [42, 43], [42, 45], [87, -1]], "missing_branches": [[87, 88]]}}}, "src\\deia\\cli_utils.py": {"executed_lines": [1, 7, 8, 12, 23, 45, 47, 48, 50, 52, 54, 55, 58, 59, 60, 72], "summary": {"covered_lines": 15, "num_statements": 26, "percent_covered": 56.666666666666664, "percent_covered_display": "57", "missing_lines": 11, "excluded_lines": 0, "num_branches": 4, "num_partial_branches": 0, "covered_branches": 2, "missing_branches": 2}, "missing_lines": [61, 63, 64, 66, 68, 69, 89, 95, 96, 98, 99], "excluded_lines": [], "executed_branches": [[54, 55], [54, 58]], "missing_branches": [[95, 96], [95, 98]], "functions": {"safe_print": {"executed_lines": [45, 47, 48, 50, 52, 54, 55, 58, 59, 60], "summary": {"covered_lines": 10, "num_statements": 16, "percent_covered": 66.66666666666667, "percent_covered_display": "67", "missing_lines": 6, "excluded_lines": 0, "num_branches": 2, "num_partial_branches": 0, "covered_branches": 2, "missing_branches": 0}, "missing_lines": [61, 63, 64, 66, 68, 69], "excluded_lines": [], "executed_branches": [[54, 55], [54, 58]], "missing_branches": []}, "get_symbol": {"executed_lines": [], "summary": {"covered_lines": 0, "num_statements": 5, "percent_covered": 0.0, "percent_covered_display": "0", "missing_lines": 5, "excluded_lines": 0, "num_branches": 2, "num_partial_branches": 0, "covered_branches": 0, "missing_branches": 2}, "missing_lines": [89, 95, 96, 98, 99], "excluded_lines": [], "executed_branches": [], "missing_branches": [[95, 96], [95, 98]]}, "": {"executed_lines": [1, 7, 8, 12, 23, 72], "summary": {"covered_lines": 5, "num_statements": 5, "percent_covered": 100.0, "percent_covered_display": "100", "missing_lines": 0, "excluded_lines": 0, "num_branches": 0, "num_partial_branches": 0, "covered_branches": 0, "missing_branches": 0}, "missing_lines": [], "excluded_lines": [], "executed_branches": [], "missing_branches": []}}, "classes": {"": {"executed_lines": [1, 7, 8, 12, 23, 45, 47, 48, 50, 52, 54, 55, 58, 59, 60, 72], "summary": {"covered_lines": 15, "num_statements": 26, "percent_covered": 56.666666666666664, "percent_covered_display": "57", "missing_lines": 11, "excluded_lines": 0, "num_branches": 4, "num_partial_branches": 0, "covered_branches": 2, "missing_branches": 2}, "missing_lines": [61, 63, 64, 66, 68, 69, 89, 95, 96, 98, 99], "excluded_lines": [], "executed_branches": [[54, 55], [54, 58]], "missing_branches": [[95, 96], [95, 98]]}}}, "src\\deia\\clock.py": {"executed_lines": [1, 4, 5, 7, 8, 9], "summary": {"covered_lines": 5, "num_statements": 5, "percent_covered": 100.0, "percent_covered_display": "100", "missing_lines": 0, "excluded_lines": 0, "num_branches": 0, "num_partial_branches": 0, "covered_branches": 0, "missing_branches": 0}, "missing_lines": [], "excluded_lines": [], "executed_branches": [], "missing_branches": [], "functions": {"MonotonicClock.now": {"executed_lines": [9], "summary": {"covered_lines": 1, "num_statements": 1, "percent_covered": 100.0, "percent_covered_display": "100", "missing_lines": 0, "excluded_lines": 0, "num_branches": 0, "num_partial_branches": 0, "covered_branches": 0, "missing_branches": 0}, "missing_lines": [], "excluded_lines": [], "executed_branches": [], "missing_branches": []}, "": {"executed_lines": [1, 4, 5, 7, 8], "summary": {"covered_lines": 4, "num_statements": 4, "percent_covered": 100.0, "percent_covered_display": "100", "missing_lines": 0, "excluded_lines": 0, "num_branches": 0, "num_partial_branches": 0, "covered_branches": 0, "missing_branches": 0}, "missing_lines": [], "excluded_lines": [], "executed_branches": [], "missing_branches": []}}, "classes": {"MonotonicClock": {"executed_lines": [9], "summary": {"covered_lines": 1, "num_statements": 1, "percent_covered": 100.0, "percent_covered_display": "100", "missing_lines": 0, "excluded_lines": 0, "num_branches": 0, "num_partial_branches": 0, "covered_branches": 0, "missing_branches": 0}, "missing_lines": [], "excluded_lines": [], "executed_branches": [], "missing_branches": []}, "": {"executed_lines": [1, 4, 5, 7, 8], "summary": {"covered_lines": 4, "num_statements": 4, "percent_covered": 100.0, "percent_covered_display": "100", "missing_lines": 0, "excluded_lines": 0, "num_branches": 0, "num_partial_branches": 0, "covered_branches": 0, "missing_branches": 0}, "missing_lines": [], "excluded_lines": [], "executed_branches": [], "missing_branches": []}}}, "src\\deia\\config.py": {"executed_lines": [1, 5, 6, 7, 10, 41, 44, 45, 46, 48, 49, 52, 55, 61, 62, 64, 65, 68, 71, 76, 78, 79], "summary": {"covered_lines": 21, "num_statements": 27, "percent_covered": 75.75757575757575, "percent_covered_display": "76", "missing_lines": 6, "excluded_lines": 0, "num_branches": 6, "num_partial_branches": 2, "covered_branches": 4, "missing_branches": 2}, "missing_lines": [57, 58, 59, 72, 73, 74], "excluded_lines": [], "executed_branches": [[55, 61], [61, 62], [61, 64], [71, 76]], "missing_branches": [[55, 57], [71, 72]], "functions": {"create_default_config": {"executed_lines": [44, 45, 46, 48, 49], "summary": {"covered_lines": 5, "num_statements": 5, "percent_covered": 100.0, "percent_covered_display": "100", "missing_lines": 0, "excluded_lines": 0, "num_branches": 0, "num_partial_branches": 0, "covered_branches": 0, "missing_branches": 0}, "missing_lines": [], "excluded_lines": [], "executed_branches": [], "missing_branches": []}, "load_config": {"executed_lines": [55, 61, 62, 64, 65], "summary": {"covered_lines": 5, "num_statements": 8, "percent_covered": 66.66666666666667, "percent_covered_display": "67", "missing_lines": 3, "excluded_lines": 0, "num_branches": 4, "num_partial_branches": 1, "covered_branches": 3, "missing_branches": 1}, "missing_lines": [57, 58, 59], "excluded_lines": [], "executed_branches": [[55, 61], [61, 62], [61, 64]], "missing_branches": [[55, 57]]}, "save_config": {"executed_lines": [71, 76, 78, 79], "summary": {"covered_lines": 4, "num_statements": 7, "percent_covered": 55.55555555555556, "percent_covered_display": "56", "missing_lines": 3, "excluded_lines": 0, "num_branches": 2, "num_partial_branches": 1, "covered_branches": 1, "missing_branches": 1}, "missing_lines": [72, 73, 74], "excluded_lines": [], "executed_branches": [[71, 76]], "missing_branches": [[71, 72]]}, "": {"executed_lines": [1, 5, 6, 7, 10, 41, 52, 68], "summary": {"covered_lines": 7, "num_statements": 7, "percent_covered": 100.0, "percent_covered_display": "100", "missing_lines": 0, "excluded_lines": 0, "num_branches": 0, "num_partial_branches": 0, "covered_branches": 0, "missing_branches": 0}, "missing_lines": [], "excluded_lines": [], "executed_branches": [], "missing_branches": []}}, "classes": {"": {"executed_lines": [1, 5, 6, 7, 10, 41, 44, 45, 46, 48, 49, 52, 55, 61, 62, 64, 65, 68, 71, 76, 78, 79], "summary": {"covered_lines": 21, "num_statements": 27, "percent_covered": 75.75757575757575, "percent_covered_display": "76", "missing_lines": 6, "excluded_lines": 0, "num_branches": 6, "num_partial_branches": 2, "covered_branches": 4, "missing_branches": 2}, "missing_lines": [57, 58, 59, 72, 73, 74], "excluded_lines": [], "executed_branches": [[55, 61], [61, 62], [61, 64], [71, 76]], "missing_branches": [[55, 57], [71, 72]]}}}, "src\\deia\\config_schema.py": {"executed_lines": [], "summary": {"covered_lines": 0, "num_statements": 47, "percent_covered": 0.0, "percent_covered_display": "0", "missing_lines": 47, "excluded_lines": 0, "num_branches": 0, "num_partial_branches": 0, "covered_branches": 0, "missing_branches": 0}, "missing_lines": [7, 8, 9, 10, 13, 14, 18, 21, 24, 27, 30, 33, 34, 37, 39, 40, 42, 45, 46, 50, 53, 56, 59, 62, 63, 64, 66, 68, 89, 90, 92, 100, 110, 117, 119, 120, 122, 123, 125, 126, 127, 132, 136, 148, 154, 167, 171], "excluded_lines": [], "executed_branches": [], "missing_branches": [], "functions": {"DEIAConfig.to_dict": {"executed_lines": [], "summary": {"covered_lines": 0, "num_statements": 1, "percent_covered": 0.0, "percent_covered_display": "0", "missing_lines": 1, "excluded_lines": 0, "num_branches": 0, "num_partial_branches": 0, "covered_branches": 0, "missing_branches": 0}, "missing_lines": [68], "excluded_lines": [], "executed_branches": [], "missing_branches": []}, "DEIAConfig.from_dict": {"executed_lines": [], "summary": {"covered_lines": 0, "num_statements": 3, "percent_covered": 0.0, "percent_covered_display": "0", "missing_lines": 3, "excluded_lines": 0, "num_branches": 0, "num_partial_branches": 0, "covered_branches": 0, "missing_branches": 0}, "missing_lines": [92, 100, 110], "excluded_lines": [], "executed_branches": [], "missing_branches": []}, "DEIAConfig.save": {"executed_lines": [], "summary": {"covered_lines": 0, "num_statements": 2, "percent_covered": 0.0, "percent_covered_display": "0", "missing_lines": 2, "excluded_lines": 0, "num_branches": 0, "num_partial_branches": 0, "covered_branches": 0, "missing_branches": 0}, "missing_lines": [119, 120], "excluded_lines": [], "executed_branches": [], "missing_branches": []}, "DEIAConfig.load": {"executed_lines": [], "summary": {"covered_lines": 0, "num_statements": 3, "percent_covered": 0.0, "p
[...]
missing_branches": []}}, "classes": {"ProvenanceTracker": {"executed_lines": [25, 26, 45, 48, 50, 51, 54, 57, 58, 59, 60, 61, 62, 63, 66, 67, 68, 69, 70, 71, 72, 73, 74, 75, 77], "summary": {"covered_lines": 25, "num_statements": 25, "percent_covered": 90.3225806451613, "percent_covered_display": "90", "missing_lines": 0, "excluded_lines": 0, "num_branches": 6, "num_partial_branches": 3, "covered_branches": 3, "missing_branches": 3}, "missing_lines": [], "excluded_lines": [], "executed_branches": [[57, 58], [71, 72], [73, 74]], "missing_branches": [[57, 66], [71, 73], [73, 75]]}, "": {"executed_lines": [1, 8, 9, 10, 11, 12, 15, 16, 18, 28], "summary": {"covered_lines": 8, "num_statements": 8, "percent_covered": 100.0, "percent_covered_display": "100", "missing_lines": 0, "excluded_lines": 0, "num_branches": 0, "num_partial_branches": 0, "covered_branches": 0, "missing_branches": 0}, "missing_lines": [], "excluded_lines": [], "executed_branches": [], "missing_branches": []}}}, "src\\deia\\sync_state.py": {"executed_lines": [1, 8, 9, 10, 11, 12, 15, 16, 18, 25, 33, 34, 36, 38, 46, 53, 55, 57, 59, 60, 64, 66, 67, 69, 71, 72, 73, 74, 76, 81, 83, 85, 87, 89], "summary": {"covered_lines": 32, "num_statements": 43, "percent_covered": 70.58823529411765, "percent_covered_display": "71", "missing_lines": 11, "excluded_lines": 0, "num_branches": 8, "num_partial_branches": 4, "covered_branches": 4, "missing_branches": 4}, "missing_lines": [26, 39, 40, 41, 42, 43, 61, 62, 78, 79, 84], "excluded_lines": [], "executed_branches": [[25, 33], [38, 46], [71, 72], [83, 85]], "missing_branches": [[25, 26], [38, 39], [71, 73], [83, 84]], "functions": {"StateManager.__init__": {"executed_lines": [25, 33, 34], "summary": {"covered_lines": 3, "num_statements": 4, "percent_covered": 66.66666666666667, "percent_covered_display": "67", "missing_lines": 1, "excluded_lines": 0, "num_branches": 2, "num_partial_branches": 1, "covered_branches": 1, "missing_branches": 1}, "missing_lines": [26], "excluded_lines": [], "executed_branches": [[25, 33]], "missing_branches": [[25, 26]]}, "StateManager._load_state": {"executed_lines": [38, 46], "summary": {"covered_lines": 2, "num_statements": 7, "percent_covered": 33.333333333333336, "percent_covered_display": "33", "missing_lines": 5, "excluded_lines": 0, "num_branches": 2, "num_partial_branches": 1, "covered_branches": 1, "missing_branches": 1}, "missing_lines": [39, 40, 41, 42, 43], "excluded_lines": [], "executed_branches": [[38, 46]], "missing_branches": [[38, 39]]}, "StateManager.save_state": {"executed_lines": [55, 57, 59, 60], "summary": {"covered_lines": 4, "num_statements": 6, "percent_covered": 66.66666666666667, "percent_covered_display": "67", "missing_lines": 2, "excluded_lines": 0, "num_branches": 0, "num_partial_branches": 0, "covered_branches": 0, "missing_branches": 0}, "missing_lines": [61, 62], "excluded_lines": [], "executed_branches": [], "missing_branches": []}, "StateManager.update_last_run": {"executed_lines": [66, 67], "summary": {"covered_lines": 2, "num_statements": 2, "percent_covered": 100.0, "percent_covered_display": "100", "missing_lines": 0, "excluded_lines": 0, "num_branches": 0, "num_partial_branches": 0, "covered_branches": 0, "missing_branches": 0}, "missing_lines": [], "excluded_lines": [], "executed_branches": [], "missing_branches": []}, "StateManager.add_processed_file": {"executed_lines": [71, 72, 73, 74], "summary": {"covered_lines": 4, "num_statements": 4, "percent_covered": 83.33333333333333, "percent_covered_display": "83", "missing_lines": 0, "excluded_lines": 0, "num_branches": 2, "num_partial_branches": 1, "covered_branches": 1, "missing_branches": 1}, "missing_lines": [], "excluded_lines": [], "executed_branches": [[71, 72]], "missing_branches": [[71, 73]]}, "StateManager.increment_error_count": {"executed_lines": [], "summary": {"covered_lines": 0, "num_statements": 2, "percent_covered": 0.0, "percent_covered_display": "0", "missing_lines": 2, "excluded_lines": 0, "num_branches": 0, "num_partial_branches": 0, "covered_branches": 0, "missing_branches": 0}, "missing_lines": [78, 79], "excluded_lines": [], "executed_branches": [], "missing_branches": []}, "StateManager.get_last_run_datetime": {"executed_lines": [83, 85], "summary": {"covered_lines": 2, "num_statements": 3, "percent_covered": 60.0, "percent_covered_display": "60", "missing_lines": 1, "excluded_lines": 0, "num_branches": 2, "num_partial_branches": 1, "covered_branches": 1, "missing_branches": 1}, "missing_lines": [84], "excluded_lines": [], "executed_branches": [[83, 85]], "missing_branches": [[83, 84]]}, "StateManager.was_file_processed": {"executed_lines": [89], "summary": {"covered_lines": 1, "num_statements": 1, "percent_covered": 100.0, "percent_covered_display": "100", "missing_lines": 0, "excluded_lines": 0, "num_branches": 0, "num_partial_branches": 0, "covered_branches": 0, "missing_branches": 0}, "missing_lines": [], "excluded_lines": [], "executed_branches": [], "missing_branches": []}, "": {"executed_lines": [1, 8, 9, 10, 11, 12, 15, 16, 18, 36, 53, 64, 69, 76, 81, 87], "summary": {"covered_lines": 14, "num_statements": 14, "percent_covered": 100.0, "percent_covered_display": "100", "missing_lines": 0, "excluded_lines": 0, "num_branches": 0, "num_partial_branches": 0, "covered_branches": 0, "missing_branches": 0}, "missing_lines": [], "excluded_lines": [], "executed_branches": [], "missing_branches": []}}, "classes": {"StateManager": {"executed_lines": [25, 33, 34, 38, 46, 55, 57, 59, 60, 66, 67, 71, 72, 73, 74, 83, 85, 89], "summary": {"covered_lines": 18, "num_statements": 29, "percent_covered": 59.45945945945946, "percent_covered_display": "59", "missing_lines": 11, "excluded_lines": 0, "num_branches": 8, "num_partial_branches": 4, "covered_branches": 4, "missing_branches": 4}, "missing_lines": [26, 39, 40, 41, 42, 43, 61, 62, 78, 79, 84], "excluded_lines": [], "executed_branches": [[25, 33], [38, 46], [71, 72], [83, 85]], "missing_branches": [[25, 26], [38, 39], [71, 73], [83, 84]]}, "": {"executed_lines": [1, 8, 9, 10, 11, 12, 15, 16, 18, 36, 53, 64, 69, 76, 81, 87], "summary": {"covered_lines": 14, "num_statements": 14, "percent_covered": 100.0, "percent_covered_display": "100", "missing_lines": 0, "excluded_lines": 0, "num_branches": 0, "num_partial_branches": 0, "covered_branches": 0, "missing_branches": 0}, "missing_lines": [], "excluded_lines": [], "executed_branches": [], "missing_branches": []}}}, "src\\deia\\templates.py": {"executed_lines": [], "summary": {"covered_lines": 0, "num_statements": 7, "percent_covered": 0.0, "percent_covered_display": "0", "missing_lines": 7, "excluded_lines": 0, "num_branches": 0, "num_partial_branches": 0, "covered_branches": 0, "missing_branches": 0}, "missing_lines": [5, 8, 11, 68, 71, 175, 180], "excluded_lines": [], "executed_branches": [], "missing_branches": [], "functions": {"get_start_here_template": {"executed_lines": [], "summary": {"covered_lines": 0, "num_statements": 1, "percent_covered": 0.0, "percent_covered_display": "0", "missing_lines": 1, "excluded_lines": 0, "num_branches": 0, "num_partial_branches": 0, "covered_branches": 0, "missing_branches": 0}, "missing_lines": [11], "excluded_lines": [], "executed_branches": [], "missing_branches": []}, "get_session_log_template": {"executed_lines": [], "summary": {"covered_lines": 0, "num_statements": 1, "percent_covered": 0.0, "percent_covered_display": "0", "missing_lines": 1, "excluded_lines": 0, "num_branches": 0, "num_partial_branches": 0, "covered_branches": 0, "missing_branches": 0}, "missing_lines": [71], "excluded_lines": [], "executed_branches": [], "missing_branches": []}, "copy_templates": {"executed_lines": [], "summary": {"covered_lines": 0, "num_statements": 1, "percent_covered": 0.0, "percent_covered_display": "0", "missing_lines": 1, "excluded_lines": 0, "num_branches": 0, "num_partial_branches": 0, "covered_branches": 0, "missing_branches": 0}, "missing_lines": [180], "excluded_lines": [], "executed_branches": [], "missing_branches": []}, "": {"executed_lines": [], "summary": {"covered_lines": 0, "num_statements": 4, "percent_covered": 0.0, "percent_covered_display": "0", "missing_lines": 4, "excluded_lines": 0, "num_branches": 0, "num_partial_branches": 0, "covered_branches": 0, "missing_branches": 0}, "missing_lines": [5, 8, 68, 175], "excluded_lines": [], "executed_branches": [], "missing_branches": []}}, "classes": {"": {"executed_lines": [], "summary": {"covered_lines": 0, "num_statements": 7, "percent_covered": 0.0, "percent_covered_display": "0", "missing_lines": 7, "excluded_lines": 0, "num_branches": 0, "num_partial_branches": 0, "covered_branches": 0, "missing_branches": 0}, "missing_lines": [5, 8, 11, 68, 71, 175, 180], "excluded_lines": [], "executed_branches": [], "missing_branches": []}}}, "src\\deia\\validator.py": {"executed_lines": [], "summary": {"covered_lines": 0, "num_statements": 40, "percent_covered": 0.0, "percent_covered_display": "0", "missing_lines": 40, "excluded_lines": 0, "num_branches": 20, "num_partial_branches": 0, "covered_branches": 0, "missing_branches": 20}, "missing_lines": [5, 6, 7, 10, 13, 24, 26, 29, 32, 35, 37, 39, 42, 44, 52, 53, 54, 56, 58, 61, 64, 65, 68, 69, 72, 74, 75, 78, 79, 81, 82, 84, 86, 89, 92, 94, 95, 96, 101, 106], "excluded_lines": [], "executed_branches": [], "missing_branches": [[52, 53], [52, 56], [53, 52], [53, 54], [64, 65], [64, 68], [68, 69], [68, 72], [72, 74], [72, 78], [74, 75], [74, 78], [78, 79], [78, 81], [81, 82], [81, 84], [92, 94], [92, 101], [95, 96], [95, 106]], "functions": {"Validator.validate": {"executed_lines": [], "summary": {"covered_lines": 0, "num_statements": 6, "percent_covered": 0.0, "percent_covered_display": "0", "missing_lines": 6, "excluded_lines": 0, "num_branches": 0, "num_partial_branches": 0, "covered_branches": 0, "missing_branches": 0}, "missing_lines": [24, 26, 29, 32, 35, 37], "excluded_lines": [], "executed_branches": [], "missing_branches": []}, "Validator._check_template_compliance": {"executed_lines": [], "summary": {"covered_lines": 0, "num_statements": 6, "percent_covered": 0.0, "percent_covered_display": "0", "missing_lines": 6, "excluded_lines": 0, "num_branches": 4, "num_partial_branches": 0, "covered_branches": 0, "missing_branches": 4}, "missing_lines": [42, 44, 52, 53, 54, 56], "excluded_lines": [], "executed_branches": [], "missing_branches": [[52, 53], [52, 56], [53, 52], [53, 54]]}, "Validator._check_sensitive_data": {"executed_lines": [], "summary": {"covered_lines": 0, "num_statements": 13, "percent_covered": 0.0, "percent_covered_display": "0", "missing_lines": 13, "excluded_lines": 0, "num_branches": 12, "num_partial_branches": 0, "covered_branches": 0, "missing_branches": 12}, "missing_lines": [61, 64, 65, 68, 69, 72, 74, 75, 78, 79, 81, 82, 84], "excluded_lines": [], "executed_branches": [], "missing_branches": [[64, 65], [64, 68], [68, 69], [68, 72], [72, 74], [72, 78], [74, 75], [74, 78], [78, 79], [78, 81], [81, 82], [81, 84]]}, "Validator._check_sanitization_checklist": {"executed_lines": [], "summary": {"covered_lines": 0, "num_statements": 7, "percent_covered": 0.0, "percent_covered_display": "0", "missing_lines": 7, "excluded_lines": 0, "num_branches": 4, "num_partial_branches": 0, "covered_branches": 0, "missing_branches": 4}, "missing_lines": [89, 92, 94, 95, 96, 101, 106], "excluded_lines": [], "executed_branches": [], "missing_branches": [[92, 94], [92, 101], [95, 96], [95, 106]]}, "": {"executed_lines": [], "summary": {"covered_lines": 0, "num_statements": 8, "percent_covered": 0.0, "percent_covered_display": "0", "missing_lines": 8, "excluded_lines": 0, "num_branches": 0, "num_partial_branches": 0, "covered_branches": 0, "missing_branches": 0}, "missing_lines": [5, 6, 7, 10, 13, 39, 58, 86], "excluded_lines": [], "executed_branches": [], "missing_branches": []}}, "classes": {"Validator": {"executed_lines": [], "summary": {"covered_lines": 0, "num_statements": 32, "percent_covered": 0.0, "percent_covered_display": "0", "missing_lines": 32, "excluded_lines": 0, "num_branches": 20, "num_partial_branches": 0, "covered_branches": 0, "missing_branches": 20}, "missing_lines": [24, 26, 29, 32, 35, 37, 42, 44, 52, 53, 54, 56, 61, 64, 65, 68, 69, 72, 74, 75, 78, 79, 81, 82, 84, 89, 92, 94, 95, 96, 101, 106], "excluded_lines": [], "executed_branches": [], "missing_branches": [[52, 53], [52, 56], [53, 52], [53, 54], [64, 65], [64, 68], [68, 69], [68, 72], [72, 74], [72, 78], [74, 75], [74, 78], [78, 79], [78, 81], [81, 82], [81, 84], [92, 94], [92, 101], [95, 96], [95, 106]]}, "": {"executed_lines": [], "summary": {"covered_lines": 0, "num_statements": 8, "percent_covered": 0.0, "percent_covered_display": "0", "missing_lines": 8, "excluded_lines": 0, "num_branches": 0, "num_partial_branches": 0, "covered_branches": 0, "missing_branches": 0}, "missing_lines": [5, 6, 7, 10, 13, 39, 58, 86], "excluded_lines": [], "executed_branches": [], "missing_branches": []}}}, "src\\deia\\vendor_feedback.py": {"executed_lines": [], "summary": {"covered_lines": 0, "num_statements": 85, "percent_covered": 0.0, "percent_covered_display": "0", "missing_lines": 85, "excluded_lines": 0, "num_branches": 24, "num_partial_branches": 0, "covered_branches": 0, "missing_branches": 24}, "missing_lines": [8, 9, 10, 11, 13, 14, 17, 20, 27, 28, 30, 32, 33, 35, 57, 58, 61, 62, 63, 66, 76, 103, 105, 107, 117, 118, 120, 121, 122, 124, 125, 126, 128, 137, 138, 139, 141, 142, 151, 160, 161, 164, 165, 167, 174, 175, 177, 178, 181, 182, 183, 186, 187, 188, 191, 192, 194, 205, 206, 207, 208, 209, 210, 212, 213, 215, 216, 218, 220, 227, 228, 234, 235, 237, 244, 257, 258, 261, 263, 266, 273, 276, 277, 280, 281], "excluded_lines": [], "executed_branches": [], "missing_branches": [[27, 28], [27, 30], [117, 118], [117, 120], [137, 138], [137, 141], [160, 161], [160, 164], [174, 175], [174, 177], [181, 182], [181, 186], [187, 188], [187, 191], [205, 206], [205, 208], [208, 209], [208, 212], [215, 216], [215, 218], [227, 228], [227, 234], [261, -1], [261, 263]], "functions": {"VendorFeedbackManager.__init__": {"executed_lines": [], "summary": {"covered_lines": 0, "num_statements": 5, "percent_covered": 0.0, "percent_covered_display": "0", "missing_lines": 5, "excluded_lines": 0, "num_branches": 2, "num_partial_branches": 0, "covered_branches": 0, "missing_branches": 2}, "missing_lines": [27, 28, 30, 32, 33], "excluded_lines": [], "executed_branches": [], "missing_branches": [[27, 28], [27, 30]]}, "VendorFeedbackManager.save_feedback": {"executed_lines": [], "summary": {"covered_lines": 0, "num_statements": 9, "percent_covered": 0.0, "percent_covered_display": "0", "missing_lines": 9, "excluded_lines": 0, "num_branches": 0, "num_partial_branches": 0, "covered_branches": 0, "missing_branches": 0}, "missing_lines": [57, 58, 61, 62, 63, 66, 76, 103, 105], "excluded_lines": [], "executed_branches": [], "missing_branches": []}, "VendorFeedbackManager.check_vendor_access": {"executed_lines": [], "summary": {"covered_lines": 0, "num_statements": 8, "percent_covered": 0.0, "percent_covered_display": "0", "missing_lines": 8, "excluded_lines": 0, "num_branches": 2, "num_partial_branches": 0, "covered_branches": 0, "missing_branches": 2}, "missing_lines": [117, 118, 120, 121, 122, 124, 125, 126], "excluded_lines": [], "executed_branches": [], "missing_branches": [[117, 118], [117, 120]]}, "VendorFeedbackManager.grant_vendor_access": {"executed_lines": [], "summary": {"covered_lines": 0, "num_statements": 10, "percent_covered": 0.0, "percent_covered_display": "0", "missing_lines": 10, "excluded_lines": 0, "num_branches": 4, "num_partial_branches": 0, "covered_branches": 0, "missing_branches": 4}, "missing_lines": [137, 138, 139, 141, 142, 151, 160, 161, 164, 165], "excluded_lines": [], "executed_branches": [], "missing_branches": [[137, 138], [137, 141], [160, 161], [160, 164]]}, "VendorFeedbackManager.revoke_vendor_access": {"executed_lines": [], "summary": {"covered_lines": 0, "num_statements": 12, "percent_covered": 0.0, "percent_covered_display": "0", "missing_lines": 12, "excluded_lines": 0, "num_branches": 6, "num_partial_branches": 0, "covered_branches": 0, "missing_branches": 6}, "missing_lines": [174, 175, 177, 178, 181, 182, 183, 186, 187, 188, 191, 192], "excluded_lines": [], "executed_branches": [], "missing_branches": [[174, 175], [174, 177], [181, 182], [181, 186], [187, 188], [187, 191]]}, "VendorFeedbackManager.list_feedback": {"executed_lines": [], "summary": {"covered_lines": 0, "num_statements": 11, "percent_covered": 0.0, "percent_covered_display": "0", "missing_lines": 11, "excluded_lines": 0, "num_branches": 6, "num_partial_branches": 0, "covered_branches": 0, "missing_branches": 6}, "missing_lines": [205, 206, 207, 208, 209, 210, 212, 213, 215, 216, 218], "excluded_lines": [], "executed_branches": [], "missing_branches": [[205, 206], [205, 208], [208, 209], [208, 212], [215, 216], [215, 218]]}, "VendorFeedbackManager.get_access_status": {"executed_lines": [], "summary": {"covered_lines": 0, "num_statements": 5, "percent_covered": 0.0, "percent_covered_display": "0", "missing_lines": 5, "excluded_lines": 0, "num_branches": 2, "num_partial_branches": 0, "covered_branches": 0, "missing_branches": 2}, "missing_lines": [227, 228, 234, 235, 237], "excluded_lines": [], "executed_branches": [], "missing_branches": [[227, 228], [227, 234]]}, "quick_feedback": {"executed_lines": [], "summary": {"covered_lines": 0, "num_statements": 2, "percent_covered": 0.0, "percent_covered_display": "0", "missing_lines": 2, "excluded_lines": 0, "num_branches": 0, "num_partial_branches": 0, "covered_branches": 0, "missing_branches": 0}, "missing_lines": [257, 258], "excluded_lines": [], "executed_branches": [], "missing_branches": []}, "": {"executed_lines": [], "summary": {"covered_lines": 0, "num_statements": 23, "percent_covered": 0.0, "percent_covered_display": "0", "missing_lines": 23, "excluded_lines": 0, "num_branches": 2, "num_partial_branches": 0, "covered_branches": 0, "missing_branches": 2}, "missing_lines": [8, 9, 10, 11, 13, 14, 17, 20, 35, 107, 128, 167, 194, 220, 244, 261, 263, 266, 273, 276, 277, 280, 281], "excluded_lines": [], "executed_branches": [], "missing_branches": [[261, -1], [261, 263]]}}, "classes": {"VendorFeedbackManager": {"executed_lines": [], "summary": {"covered_lines": 0, "num_statements": 60, "percent_covered": 0.0, "percent_covered_display": "0", "missing_lines": 60, "excluded_lines": 0, "num_branches": 22, "num_partial_branches": 0, "covered_branches": 0, "missing_branches": 22}, "missing_lines": [27, 28, 30, 32, 33, 57, 58, 61, 62, 63, 66, 76, 103, 105, 117, 118, 120, 121, 122, 124, 125, 126, 137, 138, 139, 141, 142, 151, 160, 161, 164, 165, 174, 175, 177, 178, 181, 182, 183, 186, 187, 188, 191, 192, 205, 206, 207, 208, 209, 210, 212, 213, 215, 216, 218, 227, 228, 234, 235, 237], "excluded_lines": [], "executed_branches": [], "missing_branches": [[27, 28], [27, 30], [117, 118], [117, 120], [137, 138], [137, 141], [160, 161], [160, 164], [174, 175], [174, 177], [181, 182], [181, 186], [187, 188], [187, 191], [205, 206], [205, 208], [208, 209], [208, 212], [215, 216], [215, 218], [227, 228], [227, 234]]}, "": {"executed_lines": [], "summary": {"covered_lines": 0, "num_statements": 25, "percent_covered": 0.0, "percent_covered_display": "0", "missing_lines": 25, "excluded_lines": 0, "num_branches": 2, "num_partial_branches": 0, "covered_branches": 0, "missing_branches": 2}, "missing_lines": [8, 9, 10, 11, 13, 14, 17, 20, 35, 107, 128, 167, 194, 220, 244, 257, 258, 261, 263, 266, 273, 276, 277, 280, 281], "excluded_lines": [], "executed_branches": [], "missing_branches": [[261, -1], [261, 263]]}}}}, "totals": {"covered_lines": 1524, "num_statements": 3766, "percent_covered": 38.00332088003321, "percent_covered_display": "38", "missing_lines": 2242, "excluded_lines": 3, "num_branches": 1052, "num_partial_branches": 57, "covered_branches": 307, "missing_branches": 745}}